Connecting to database specified by database.yml
Connecting to database specified by database.yml
Connecting to database specified by database.yml
Connecting to database specified by database.yml
  [1m[36m (0.1ms)[0m  [1mselect sqlite_version(*)[0m
  [1m[35m (156.0ms)[0m  CREATE TABLE "schema_migrations" ("version" varchar(255) NOT NULL) 
  [1m[36m (173.4ms)[0m  [1mCREATE UNIQUE INDEX "unique_schema_migrations" ON "schema_migrations" ("version")[0m
  [1m[35m (0.2ms)[0m  SELECT "schema_migrations"."version" FROM "schema_migrations" 
Connecting to database specified by database.yml
  [1m[36m (0.1ms)[0m  [1mSELECT "schema_migrations"."version" FROM "schema_migrations" [0m
Migrating to CreateSurveys (20130403205806)
  [1m[35m (0.1ms)[0m  select sqlite_version(*)
  [1m[36m (0.1ms)[0m  [1mbegin transaction[0m
  [1m[35m (0.9ms)[0m  CREATE TABLE "surveys" ("id" INTEGER PRIMARY KEY AUTOINCREMENT NOT NULL, "name" varchar(255), "created_at" datetime NOT NULL, "updated_at" datetime NOT NULL) 
  [1m[36m (0.5ms)[0m  [1mINSERT INTO "schema_migrations" ("version") VALUES ('20130403205806')[0m
  [1m[35m (200.2ms)[0m  commit transaction
Migrating to CreateQuestions (20130404093550)
  [1m[36m (0.1ms)[0m  [1mbegin transaction[0m
  [1m[35m (1.0ms)[0m  CREATE TABLE "questions" ("id" INTEGER PRIMARY KEY AUTOINCREMENT NOT NULL, "survey_id" integer, "content" text, "created_at" datetime NOT NULL, "updated_at" datetime NOT NULL) 
  [1m[36m (0.8ms)[0m  [1mINSERT INTO "schema_migrations" ("version") VALUES ('20130404093550')[0m
  [1m[35m (190.2ms)[0m  commit transaction
  [1m[36m (0.2ms)[0m  [1mSELECT "schema_migrations"."version" FROM "schema_migrations" [0m
Connecting to database specified by database.yml
Connecting to database specified by database.yml
  [1m[36m (0.1ms)[0m  [1mSELECT "schema_migrations"."version" FROM "schema_migrations" [0m
  [1m[35m (0.3ms)[0m  select sqlite_version(*)
  [1m[36m (160.8ms)[0m  [1mCREATE TABLE "questions" ("id" INTEGER PRIMARY KEY AUTOINCREMENT NOT NULL, "survey_id" integer, "content" text, "created_at" datetime NOT NULL, "updated_at" datetime NOT NULL) [0m
  [1m[35m (137.8ms)[0m  CREATE TABLE "surveys" ("id" INTEGER PRIMARY KEY AUTOINCREMENT NOT NULL, "name" varchar(255), "created_at" datetime NOT NULL, "updated_at" datetime NOT NULL) 
  [1m[36m (139.8ms)[0m  [1mCREATE TABLE "schema_migrations" ("version" varchar(255) NOT NULL) [0m
  [1m[35m (140.2ms)[0m  CREATE UNIQUE INDEX "unique_schema_migrations" ON "schema_migrations" ("version")
  [1m[36m (0.2ms)[0m  [1mSELECT version FROM "schema_migrations"[0m
  [1m[35m (147.5ms)[0m  INSERT INTO "schema_migrations" (version) VALUES ('20130404093550')
  [1m[36m (165.4ms)[0m  [1mINSERT INTO "schema_migrations" (version) VALUES ('20130403205806')[0m
Connecting to database specified by database.yml
  [1m[36m (0.1ms)[0m  [1mSELECT "schema_migrations"."version" FROM "schema_migrations" [0m
Migrating to CreateSurveys (20130403205806)
Migrating to CreateQuestions (20130404093550)
  [1m[35m (0.1ms)[0m  select sqlite_version(*)
  [1m[36m (0.1ms)[0m  [1mSELECT "schema_migrations"."version" FROM "schema_migrations" [0m
Connecting to database specified by database.yml
Connecting to database specified by database.yml
Connecting to database specified by database.yml
  [1m[36m (0.1ms)[0m  [1mSELECT "schema_migrations"."version" FROM "schema_migrations" [0m
Migrating to CreateSurveys (20130403205806)
Migrating to CreateQuestions (20130404093550)
  [1m[35m (0.1ms)[0m  select sqlite_version(*)
  [1m[36m (0.1ms)[0m  [1mSELECT "schema_migrations"."version" FROM "schema_migrations" [0m
Connecting to database specified by database.yml
Connecting to database specified by database.yml
Connecting to database specified by database.yml
Connecting to database specified by database.yml
Connecting to database specified by database.yml
Connecting to database specified by database.yml
Connecting to database specified by database.yml
  [1m[36m (0.1ms)[0m  [1mSELECT "schema_migrations"."version" FROM "schema_migrations" [0m
Migrating to CreateSurveys (20130407035132)
  [1m[35m (0.1ms)[0m  select sqlite_version(*)
  [1m[36m (0.1ms)[0m  [1mbegin transaction[0m
  [1m[35m (0.2ms)[0m  CREATE TABLE "surveys" ("id" INTEGER PRIMARY KEY AUTOINCREMENT NOT NULL, "name" varchar(255), "created_at" datetime NOT NULL, "updated_at" datetime NOT NULL) 
SQLite3::SQLException: table "surveys" already exists: CREATE TABLE "surveys" ("id" INTEGER PRIMARY KEY AUTOINCREMENT NOT NULL, "name" varchar(255), "created_at" datetime NOT NULL, "updated_at" datetime NOT NULL) 
  [1m[36m (0.1ms)[0m  [1mrollback transaction[0m
Connecting to database specified by database.yml
  [1m[36m (2.2ms)[0m  [1mselect sqlite_version(*)[0m
  [1m[35m (169.7ms)[0m  CREATE TABLE "questions" ("id" INTEGER PRIMARY KEY AUTOINCREMENT NOT NULL, "survey_id" integer, "content" text, "created_at" datetime NOT NULL, "updated_at" datetime NOT NULL) 
  [1m[36m (195.4ms)[0m  [1mCREATE TABLE "surveys" ("id" INTEGER PRIMARY KEY AUTOINCREMENT NOT NULL, "name" varchar(255), "created_at" datetime NOT NULL, "updated_at" datetime NOT NULL) [0m
  [1m[35m (173.5ms)[0m  CREATE TABLE "schema_migrations" ("version" varchar(255) NOT NULL) 
  [1m[36m (140.2ms)[0m  [1mCREATE UNIQUE INDEX "unique_schema_migrations" ON "schema_migrations" ("version")[0m
  [1m[35m (0.2ms)[0m  SELECT version FROM "schema_migrations"
  [1m[36m (172.1ms)[0m  [1mINSERT INTO "schema_migrations" (version) VALUES ('20130404093550')[0m
  [1m[35m (0.2ms)[0m  SELECT "schema_migrations"."version" FROM "schema_migrations" 
Connecting to database specified by database.yml
  [1m[36m (0.1ms)[0m  [1mSELECT "schema_migrations"."version" FROM "schema_migrations" [0m
Migrating to CreateSurveys (20130407035132)
  [1m[35m (0.1ms)[0m  select sqlite_version(*)
  [1m[36m (0.1ms)[0m  [1mbegin transaction[0m
  [1m[35m (0.2ms)[0m  CREATE TABLE "surveys" ("id" INTEGER PRIMARY KEY AUTOINCREMENT NOT NULL, "name" varchar(255), "created_at" datetime NOT NULL, "updated_at" datetime NOT NULL) 
SQLite3::SQLException: table "surveys" already exists: CREATE TABLE "surveys" ("id" INTEGER PRIMARY KEY AUTOINCREMENT NOT NULL, "name" varchar(255), "created_at" datetime NOT NULL, "updated_at" datetime NOT NULL) 
  [1m[36m (0.1ms)[0m  [1mrollback transaction[0m
Connecting to database specified by database.yml
  [1m[36m (0.1ms)[0m  [1mselect sqlite_version(*)[0m
  [1m[35m (167.9ms)[0m  CREATE TABLE "schema_migrations" ("version" varchar(255) NOT NULL) 
  [1m[36m (149.9ms)[0m  [1mCREATE UNIQUE INDEX "unique_schema_migrations" ON "schema_migrations" ("version")[0m
  [1m[35m (0.2ms)[0m  SELECT "schema_migrations"."version" FROM "schema_migrations" 
Migrating to CreateSurveys (20130407035132)
  [1m[36m (0.1ms)[0m  [1mbegin transaction[0m
  [1m[35m (1.1ms)[0m  CREATE TABLE "surveys" ("id" INTEGER PRIMARY KEY AUTOINCREMENT NOT NULL, "name" varchar(255), "created_at" datetime NOT NULL, "updated_at" datetime NOT NULL) 
  [1m[36m (0.7ms)[0m  [1mINSERT INTO "schema_migrations" ("version") VALUES ('20130407035132')[0m
  [1m[35m (176.9ms)[0m  commit transaction
  [1m[36m (0.2ms)[0m  [1mSELECT "schema_migrations"."version" FROM "schema_migrations" [0m
Connecting to database specified by database.yml
Connecting to database specified by database.yml
  [1m[36m (0.1ms)[0m  [1mSELECT "schema_migrations"."version" FROM "schema_migrations" [0m
Migrating to CreateSurveys (20130407035132)
  [1m[35m (0.1ms)[0m  select sqlite_version(*)
  [1m[36m (0.1ms)[0m  [1mSELECT "schema_migrations"."version" FROM "schema_migrations" [0m
Connecting to database specified by database.yml
Connecting to database specified by database.yml
  [1m[36m (0.1ms)[0m  [1mSELECT "schema_migrations"."version" FROM "schema_migrations" [0m
Migrating to CreateSurveys (20130407035132)
Migrating to CreateQuestions (20130407041517)
  [1m[35m (0.0ms)[0m  select sqlite_version(*)
  [1m[36m (0.0ms)[0m  [1mbegin transaction[0m
  [1m[35m (0.5ms)[0m  CREATE TABLE "questions" ("id" INTEGER PRIMARY KEY AUTOINCREMENT NOT NULL, "survey_id" integer, "content" text, "created_at" datetime NOT NULL, "updated_at" datetime NOT NULL) 
  [1m[36m (0.3ms)[0m  [1mINSERT INTO "schema_migrations" ("version") VALUES ('20130407041517')[0m
  [1m[35m (195.2ms)[0m  commit transaction
  [1m[36m (0.2ms)[0m  [1mSELECT "schema_migrations"."version" FROM "schema_migrations" [0m
Connecting to database specified by database.yml
  [1m[36m (0.1ms)[0m  [1mSELECT "schema_migrations"."version" FROM "schema_migrations" [0m
  [1m[35m (0.2ms)[0m  select sqlite_version(*)
  [1m[36m (162.2ms)[0m  [1mCREATE TABLE "questions" ("id" INTEGER PRIMARY KEY AUTOINCREMENT NOT NULL, "survey_id" integer, "content" text, "created_at" datetime NOT NULL, "updated_at" datetime NOT NULL) [0m
  [1m[35m (137.6ms)[0m  CREATE TABLE "surveys" ("id" INTEGER PRIMARY KEY AUTOINCREMENT NOT NULL, "name" varchar(255), "created_at" datetime NOT NULL, "updated_at" datetime NOT NULL) 
  [1m[36m (165.4ms)[0m  [1mCREATE TABLE "schema_migrations" ("version" varchar(255) NOT NULL) [0m
  [1m[35m (140.2ms)[0m  CREATE UNIQUE INDEX "unique_schema_migrations" ON "schema_migrations" ("version")
  [1m[36m (0.2ms)[0m  [1mSELECT version FROM "schema_migrations"[0m
  [1m[35m (139.2ms)[0m  INSERT INTO "schema_migrations" (version) VALUES ('20130407041517')
  [1m[36m (157.2ms)[0m  [1mINSERT INTO "schema_migrations" (version) VALUES ('20130407035132')[0m
Connecting to database specified by database.yml
  [1m[36m (0.1ms)[0m  [1mSELECT "schema_migrations"."version" FROM "schema_migrations" [0m
  [1m[35m (0.2ms)[0m  select sqlite_version(*)
  [1m[36m (211.7ms)[0m  [1mCREATE TABLE "questions" ("id" INTEGER PRIMARY KEY AUTOINCREMENT NOT NULL, "survey_id" integer, "content" text, "created_at" datetime NOT NULL, "updated_at" datetime NOT NULL) [0m
  [1m[35m (145.8ms)[0m  CREATE TABLE "surveys" ("id" INTEGER PRIMARY KEY AUTOINCREMENT NOT NULL, "name" varchar(255), "created_at" datetime NOT NULL, "updated_at" datetime NOT NULL) 
  [1m[36m (139.7ms)[0m  [1mCREATE TABLE "schema_migrations" ("version" varchar(255) NOT NULL) [0m
  [1m[35m (140.2ms)[0m  CREATE UNIQUE INDEX "unique_schema_migrations" ON "schema_migrations" ("version")
  [1m[36m (0.2ms)[0m  [1mSELECT version FROM "schema_migrations"[0m
  [1m[35m (157.1ms)[0m  INSERT INTO "schema_migrations" (version) VALUES ('20130407041517')
  [1m[36m (157.1ms)[0m  [1mINSERT INTO "schema_migrations" (version) VALUES ('20130407035132')[0m
Connecting to database specified by database.yml
  [1m[36m (0.1ms)[0m  [1mSELECT "schema_migrations"."version" FROM "schema_migrations" [0m
  [1m[35m (0.2ms)[0m  select sqlite_version(*)
  [1m[36m (160.2ms)[0m  [1mCREATE TABLE "questions" ("id" INTEGER PRIMARY KEY AUTOINCREMENT NOT NULL, "survey_id" integer, "content" text, "created_at" datetime NOT NULL, "updated_at" datetime NOT NULL) [0m
  [1m[35m (146.2ms)[0m  CREATE TABLE "surveys" ("id" INTEGER PRIMARY KEY AUTOINCREMENT NOT NULL, "name" varchar(255), "created_at" datetime NOT NULL, "updated_at" datetime NOT NULL) 
  [1m[36m (174.4ms)[0m  [1mCREATE TABLE "schema_migrations" ("version" varchar(255) NOT NULL) [0m
  [1m[35m (148.5ms)[0m  CREATE UNIQUE INDEX "unique_schema_migrations" ON "schema_migrations" ("version")
  [1m[36m (0.2ms)[0m  [1mSELECT version FROM "schema_migrations"[0m
  [1m[35m (155.9ms)[0m  INSERT INTO "schema_migrations" (version) VALUES ('20130407041517')
  [1m[36m (140.9ms)[0m  [1mINSERT INTO "schema_migrations" (version) VALUES ('20130407035132')[0m
Connecting to database specified by database.yml
  [1m[36m (0.1ms)[0m  [1mSELECT "schema_migrations"."version" FROM "schema_migrations" [0m
  [1m[35m (0.2ms)[0m  select sqlite_version(*)
  [1m[36m (158.2ms)[0m  [1mCREATE TABLE "questions" ("id" INTEGER PRIMARY KEY AUTOINCREMENT NOT NULL, "survey_id" integer, "content" text, "created_at" datetime NOT NULL, "updated_at" datetime NOT NULL) [0m
  [1m[35m (138.0ms)[0m  CREATE TABLE "surveys" ("id" INTEGER PRIMARY KEY AUTOINCREMENT NOT NULL, "name" varchar(255), "created_at" datetime NOT NULL, "updated_at" datetime NOT NULL) 
  [1m[36m (150.6ms)[0m  [1mCREATE TABLE "schema_migrations" ("version" varchar(255) NOT NULL) [0m
  [1m[35m (140.2ms)[0m  CREATE UNIQUE INDEX "unique_schema_migrations" ON "schema_migrations" ("version")
  [1m[36m (0.2ms)[0m  [1mSELECT version FROM "schema_migrations"[0m
  [1m[35m (139.3ms)[0m  INSERT INTO "schema_migrations" (version) VALUES ('20130407041517')
  [1m[36m (157.3ms)[0m  [1mINSERT INTO "schema_migrations" (version) VALUES ('20130407035132')[0m
Connecting to database specified by database.yml
  [1m[36m (0.1ms)[0m  [1mSELECT "schema_migrations"."version" FROM "schema_migrations" [0m
  [1m[35m (0.2ms)[0m  select sqlite_version(*)
  [1m[36m (141.2ms)[0m  [1mCREATE TABLE "questions" ("id" INTEGER PRIMARY KEY AUTOINCREMENT NOT NULL, "survey_id" integer, "content" text, "created_at" datetime NOT NULL, "updated_at" datetime NOT NULL) [0m
  [1m[35m (146.2ms)[0m  CREATE TABLE "surveys" ("id" INTEGER PRIMARY KEY AUTOINCREMENT NOT NULL, "name" varchar(255), "created_at" datetime NOT NULL, "updated_at" datetime NOT NULL) 
  [1m[36m (275.1ms)[0m  [1mCREATE TABLE "schema_migrations" ("version" varchar(255) NOT NULL) [0m
  [1m[35m (148.9ms)[0m  CREATE UNIQUE INDEX "unique_schema_migrations" ON "schema_migrations" ("version")
  [1m[36m (0.2ms)[0m  [1mSELECT version FROM "schema_migrations"[0m
  [1m[35m (147.6ms)[0m  INSERT INTO "schema_migrations" (version) VALUES ('20130407041517')
  [1m[36m (148.9ms)[0m  [1mINSERT INTO "schema_migrations" (version) VALUES ('20130407035132')[0m
Connecting to database specified by database.yml
Connecting to database specified by database.yml
  [1m[36m (0.1ms)[0m  [1mSELECT "schema_migrations"."version" FROM "schema_migrations" [0m
  [1m[35m (0.2ms)[0m  select sqlite_version(*)
  [1m[36m (145.2ms)[0m  [1mCREATE TABLE "questions" ("id" INTEGER PRIMARY KEY AUTOINCREMENT NOT NULL, "survey_id" integer, "content" text, "created_at" datetime NOT NULL, "updated_at" datetime NOT NULL) [0m
  [1m[35m (146.2ms)[0m  CREATE TABLE "surveys" ("id" INTEGER PRIMARY KEY AUTOINCREMENT NOT NULL, "name" varchar(255), "created_at" datetime NOT NULL, "updated_at" datetime NOT NULL) 
  [1m[36m (141.4ms)[0m  [1mCREATE TABLE "schema_migrations" ("version" varchar(255) NOT NULL) [0m
  [1m[35m (140.2ms)[0m  CREATE UNIQUE INDEX "unique_schema_migrations" ON "schema_migrations" ("version")
  [1m[36m (0.2ms)[0m  [1mSELECT version FROM "schema_migrations"[0m
  [1m[35m (139.2ms)[0m  INSERT INTO "schema_migrations" (version) VALUES ('20130407041517')
  [1m[36m (140.7ms)[0m  [1mINSERT INTO "schema_migrations" (version) VALUES ('20130407035132')[0m
Connecting to database specified by database.yml
Connecting to database specified by database.yml
Connecting to database specified by database.yml


Started GET "/assets/rails.png" for 127.0.0.1 at 2013-04-08 01:54:21 -0400
Served asset /rails.png - 200 OK (153ms)


Started GET "/survey" for 127.0.0.1 at 2013-04-08 01:54:25 -0400

ActionController::RoutingError (No route matches [GET] "/survey"):
  actionpack (3.2.13) lib/action_dispatch/middleware/debug_exceptions.rb:21:in `call'
  actionpack (3.2.13) lib/action_dispatch/middleware/show_exceptions.rb:56:in `call'
  railties (3.2.13) lib/rails/rack/logger.rb:32:in `call_app'
  railties (3.2.13) lib/rails/rack/logger.rb:16:in `block in call'
  activesupport (3.2.13) lib/active_support/tagged_logging.rb:22:in `tagged'
  railties (3.2.13) lib/rails/rack/logger.rb:16:in `call'
  actionpack (3.2.13) lib/action_dispatch/middleware/request_id.rb:22:in `call'
  rack (1.4.5) lib/rack/methodoverride.rb:21:in `call'
  rack (1.4.5) lib/rack/runtime.rb:17:in `call'
  activesupport (3.2.13) lib/active_support/cache/strategy/local_cache.rb:72:in `call'
  rack (1.4.5) lib/rack/lock.rb:15:in `call'
  actionpack (3.2.13) lib/action_dispatch/middleware/static.rb:63:in `call'
  railties (3.2.13) lib/rails/engine.rb:479:in `call'
  railties (3.2.13) lib/rails/application.rb:223:in `call'
  rack (1.4.5) lib/rack/content_length.rb:14:in `call'
  railties (3.2.13) lib/rails/rack/log_tailer.rb:17:in `call'
  rack (1.4.5) lib/rack/handler/webrick.rb:59:in `service'
  /home/whinub/.rvm/rubies/ruby-1.9.3-p286/lib/ruby/1.9.1/webrick/httpserver.rb:138:in `service'
  /home/whinub/.rvm/rubies/ruby-1.9.3-p286/lib/ruby/1.9.1/webrick/httpserver.rb:94:in `run'
  /home/whinub/.rvm/rubies/ruby-1.9.3-p286/lib/ruby/1.9.1/webrick/server.rb:191:in `block in start_thread'


  Rendered /home/whinub/.rvm/gems/ruby-1.9.3-p286/gems/actionpack-3.2.13/lib/action_dispatch/middleware/templates/rescues/routing_error.erb within rescues/layout (4.2ms)


Started GET "/survey/new" for 127.0.0.1 at 2013-04-08 01:54:29 -0400

ActionController::RoutingError (No route matches [GET] "/survey/new"):
  actionpack (3.2.13) lib/action_dispatch/middleware/debug_exceptions.rb:21:in `call'
  actionpack (3.2.13) lib/action_dispatch/middleware/show_exceptions.rb:56:in `call'
  railties (3.2.13) lib/rails/rack/logger.rb:32:in `call_app'
  railties (3.2.13) lib/rails/rack/logger.rb:16:in `block in call'
  activesupport (3.2.13) lib/active_support/tagged_logging.rb:22:in `tagged'
  railties (3.2.13) lib/rails/rack/logger.rb:16:in `call'
  actionpack (3.2.13) lib/action_dispatch/middleware/request_id.rb:22:in `call'
  rack (1.4.5) lib/rack/methodoverride.rb:21:in `call'
  rack (1.4.5) lib/rack/runtime.rb:17:in `call'
  activesupport (3.2.13) lib/active_support/cache/strategy/local_cache.rb:72:in `call'
  rack (1.4.5) lib/rack/lock.rb:15:in `call'
  actionpack (3.2.13) lib/action_dispatch/middleware/static.rb:63:in `call'
  railties (3.2.13) lib/rails/engine.rb:479:in `call'
  railties (3.2.13) lib/rails/application.rb:223:in `call'
  rack (1.4.5) lib/rack/content_length.rb:14:in `call'
  railties (3.2.13) lib/rails/rack/log_tailer.rb:17:in `call'
  rack (1.4.5) lib/rack/handler/webrick.rb:59:in `service'
  /home/whinub/.rvm/rubies/ruby-1.9.3-p286/lib/ruby/1.9.1/webrick/httpserver.rb:138:in `service'
  /home/whinub/.rvm/rubies/ruby-1.9.3-p286/lib/ruby/1.9.1/webrick/httpserver.rb:94:in `run'
  /home/whinub/.rvm/rubies/ruby-1.9.3-p286/lib/ruby/1.9.1/webrick/server.rb:191:in `block in start_thread'


  Rendered /home/whinub/.rvm/gems/ruby-1.9.3-p286/gems/actionpack-3.2.13/lib/action_dispatch/middleware/templates/rescues/routing_error.erb within rescues/layout (1.1ms)


Started GET "/surveys/new" for 127.0.0.1 at 2013-04-08 01:54:36 -0400
Processing by SurveysController#new as HTML
  Rendered surveys/new.html.erb within layouts/application (0.4ms)
Compiled surveys.css  (72ms)  (pid 4126)
Compiled application.css  (84ms)  (pid 4126)
Compiled jquery.js  (3ms)  (pid 4126)
Compiled jquery_ujs.js  (0ms)  (pid 4126)
Compiled surveys.js  (498ms)  (pid 4126)
Compiled application.js  (753ms)  (pid 4126)
Completed 200 OK in 1205ms (Views: 1010.0ms | ActiveRecord: 2.4ms)


Started GET "/assets/application.css?body=1" for 127.0.0.1 at 2013-04-08 01:54:37 -0400
Served asset /application.css - 200 OK (10ms)


Started GET "/assets/surveys.css?body=1" for 127.0.0.1 at 2013-04-08 01:54:37 -0400
Served asset /surveys.css - 200 OK (3ms)


Started GET "/assets/jquery.js?body=1" for 127.0.0.1 at 2013-04-08 01:54:37 -0400
Served asset /jquery.js - 200 OK (12ms)


Started GET "/assets/jquery_ujs.js?body=1" for 127.0.0.1 at 2013-04-08 01:54:37 -0400
Served asset /jquery_ujs.js - 200 OK (6ms)


Started GET "/assets/surveys.js?body=1" for 127.0.0.1 at 2013-04-08 01:54:37 -0400
Served asset /surveys.js - 200 OK (4ms)


Started GET "/assets/application.js?body=1" for 127.0.0.1 at 2013-04-08 01:54:37 -0400
Served asset /application.js - 200 OK (8ms)


Started GET "/surveys/" for 127.0.0.1 at 2013-04-08 01:58:14 -0400
Processing by SurveysController#index as HTML
  Rendered surveys/index.html.erb within layouts/application (0.7ms)
Completed 200 OK in 23ms (Views: 22.5ms | ActiveRecord: 0.0ms)


Started GET "/assets/surveys.css?body=1" for 127.0.0.1 at 2013-04-08 01:58:14 -0400
Served asset /surveys.css - 304 Not Modified (0ms)


Started GET "/surveys/" for 127.0.0.1 at 2013-04-08 02:05:15 -0400
Processing by SurveysController#index as HTML
  [1m[36mSurvey Load (0.2ms)[0m  [1mSELECT "surveys".* FROM "surveys" [0m
  Rendered surveys/index.html.erb within layouts/application (0.0ms)
Completed 200 OK in 22ms (Views: 18.9ms | ActiveRecord: 0.6ms)


Started GET "/assets/surveys.css?body=1" for 127.0.0.1 at 2013-04-08 02:05:15 -0400
Served asset /surveys.css - 304 Not Modified (0ms)


Started GET "/survey/1" for 127.0.0.1 at 2013-04-08 02:05:19 -0400

ActionController::RoutingError (No route matches [GET] "/survey/1"):
  actionpack (3.2.13) lib/action_dispatch/middleware/debug_exceptions.rb:21:in `call'
  actionpack (3.2.13) lib/action_dispatch/middleware/show_exceptions.rb:56:in `call'
  railties (3.2.13) lib/rails/rack/logger.rb:32:in `call_app'
  railties (3.2.13) lib/rails/rack/logger.rb:16:in `block in call'
  activesupport (3.2.13) lib/active_support/tagged_logging.rb:22:in `tagged'
  railties (3.2.13) lib/rails/rack/logger.rb:16:in `call'
  actionpack (3.2.13) lib/action_dispatch/middleware/request_id.rb:22:in `call'
  rack (1.4.5) lib/rack/methodoverride.rb:21:in `call'
  rack (1.4.5) lib/rack/runtime.rb:17:in `call'
  activesupport (3.2.13) lib/active_support/cache/strategy/local_cache.rb:72:in `call'
  rack (1.4.5) lib/rack/lock.rb:15:in `call'
  actionpack (3.2.13) lib/action_dispatch/middleware/static.rb:63:in `call'
  railties (3.2.13) lib/rails/engine.rb:479:in `call'
  railties (3.2.13) lib/rails/application.rb:223:in `call'
  rack (1.4.5) lib/rack/content_length.rb:14:in `call'
  railties (3.2.13) lib/rails/rack/log_tailer.rb:17:in `call'
  rack (1.4.5) lib/rack/handler/webrick.rb:59:in `service'
  /home/whinub/.rvm/rubies/ruby-1.9.3-p286/lib/ruby/1.9.1/webrick/httpserver.rb:138:in `service'
  /home/whinub/.rvm/rubies/ruby-1.9.3-p286/lib/ruby/1.9.1/webrick/httpserver.rb:94:in `run'
  /home/whinub/.rvm/rubies/ruby-1.9.3-p286/lib/ruby/1.9.1/webrick/server.rb:191:in `block in start_thread'


  Rendered /home/whinub/.rvm/gems/ruby-1.9.3-p286/gems/actionpack-3.2.13/lib/action_dispatch/middleware/templates/rescues/routing_error.erb within rescues/layout (0.8ms)


Started GET "/surveys/" for 127.0.0.1 at 2013-04-08 02:05:52 -0400
Processing by SurveysController#index as HTML
  [1m[35mSurvey Load (0.3ms)[0m  SELECT "surveys".* FROM "surveys" 
  Rendered surveys/index.html.erb within layouts/application (0.1ms)
Completed 200 OK in 30ms (Views: 27.5ms | ActiveRecord: 0.3ms)


Started GET "/assets/surveys.css?body=1" for 127.0.0.1 at 2013-04-08 02:05:52 -0400
Served asset /surveys.css - 304 Not Modified (0ms)
Connecting to database specified by database.yml
Connecting to database specified by database.yml
Connecting to database specified by database.yml
Connecting to database specified by database.yml


Started GET "/assets/rails.png" for 127.0.0.1 at 2013-04-08 02:22:28 -0400
Served asset /rails.png - 304 Not Modified (0ms)


Started GET "/surveys/" for 127.0.0.1 at 2013-04-08 02:22:34 -0400
Processing by SurveysController#index as HTML
  [1m[36mSurvey Load (0.1ms)[0m  [1mSELECT "surveys".* FROM "surveys" [0m
  Rendered surveys/index.html.erb within layouts/application (1.4ms)
Completed 200 OK in 30ms (Views: 26.0ms | ActiveRecord: 0.5ms)


Started GET "/assets/application.css?body=1" for 127.0.0.1 at 2013-04-08 02:22:34 -0400
Served asset /application.css - 304 Not Modified (8ms)


Started GET "/assets/surveys.css?body=1" for 127.0.0.1 at 2013-04-08 02:22:34 -0400
Served asset /surveys.css - 304 Not Modified (0ms)


Started GET "/assets/jquery_ujs.js?body=1" for 127.0.0.1 at 2013-04-08 02:22:34 -0400
Served asset /jquery_ujs.js - 304 Not Modified (0ms)


Started GET "/assets/surveys.js?body=1" for 127.0.0.1 at 2013-04-08 02:22:34 -0400
Served asset /surveys.js - 304 Not Modified (0ms)


Started GET "/assets/jquery.js?body=1" for 127.0.0.1 at 2013-04-08 02:22:34 -0400
Served asset /jquery.js - 304 Not Modified (2ms)


Started GET "/assets/application.js?body=1" for 127.0.0.1 at 2013-04-08 02:22:34 -0400
Served asset /application.js - 304 Not Modified (3ms)


Started GET "/surveys/new" for 127.0.0.1 at 2013-04-08 02:22:36 -0400
Processing by SurveysController#new as HTML
  Rendered surveys/_form.html.erb (9.1ms)
  Rendered surveys/new.html.erb within layouts/application (38.4ms)
Completed 200 OK in 92ms (Views: 84.3ms | ActiveRecord: 0.0ms)


Started GET "/assets/application.css?body=1" for 127.0.0.1 at 2013-04-08 02:22:36 -0400
Served asset /application.css - 304 Not Modified (1ms)


Started GET "/assets/surveys.css?body=1" for 127.0.0.1 at 2013-04-08 02:22:36 -0400
Served asset /surveys.css - 304 Not Modified (0ms)


Started GET "/assets/jquery_ujs.js?body=1" for 127.0.0.1 at 2013-04-08 02:22:36 -0400
Served asset /jquery_ujs.js - 304 Not Modified (0ms)


Started GET "/assets/jquery.js?body=1" for 127.0.0.1 at 2013-04-08 02:22:36 -0400
Served asset /jquery.js - 304 Not Modified (1ms)


Started GET "/assets/surveys.js?body=1" for 127.0.0.1 at 2013-04-08 02:22:36 -0400
Served asset /surveys.js - 304 Not Modified (0ms)


Started GET "/assets/application.js?body=1" for 127.0.0.1 at 2013-04-08 02:22:36 -0400
Served asset /application.js - 304 Not Modified (1ms)


Started POST "/surveys" for 127.0.0.1 at 2013-04-08 02:22:37 -0400
Processing by SurveysController#create as HTML
  Parameters: {"utf8"=>"âœ“", "authenticity_token"=>"0VqcHF3HhA4V5k5hQjzo1VkGVIZhmQnd42E2VpDXdm4=", "commit"=>"Create Survey"}
  [1m[35m (0.2ms)[0m  begin transaction
  [1m[36m (0.1ms)[0m  [1mrollback transaction[0m
  Rendered surveys/_form.html.erb (3.0ms)
  Rendered surveys/new.html.erb within layouts/application (4.0ms)
Completed 200 OK in 34ms (Views: 24.2ms | ActiveRecord: 0.3ms)


Started GET "/assets/application.css?body=1" for 127.0.0.1 at 2013-04-08 02:22:37 -0400
Served asset /application.css - 304 Not Modified (9ms)


Started GET "/assets/jquery_ujs.js?body=1" for 127.0.0.1 at 2013-04-08 02:22:37 -0400
Served asset /jquery_ujs.js - 304 Not Modified (0ms)


Started GET "/assets/jquery.js?body=1" for 127.0.0.1 at 2013-04-08 02:22:37 -0400
Served asset /jquery.js - 304 Not Modified (2ms)


Started GET "/assets/surveys.css?body=1" for 127.0.0.1 at 2013-04-08 02:22:37 -0400
Served asset /surveys.css - 304 Not Modified (0ms)


Started GET "/assets/surveys.js?body=1" for 127.0.0.1 at 2013-04-08 02:22:37 -0400
Served asset /surveys.js - 304 Not Modified (0ms)


Started GET "/assets/application.js?body=1" for 127.0.0.1 at 2013-04-08 02:22:37 -0400
Served asset /application.js - 304 Not Modified (4ms)


Started POST "/surveys" for 127.0.0.1 at 2013-04-08 02:36:11 -0400
Processing by SurveysController#create as HTML
  Parameters: {"utf8"=>"âœ“", "authenticity_token"=>"0VqcHF3HhA4V5k5hQjzo1VkGVIZhmQnd42E2VpDXdm4=", "commit"=>"Create Survey"}
  [1m[35m (0.1ms)[0m  begin transaction
  [1m[36m (0.0ms)[0m  [1mrollback transaction[0m
  Rendered surveys/_form.html.erb (61.5ms)
  Rendered surveys/new.html.erb within layouts/application (62.3ms)
Completed 500 Internal Server Error in 66ms

ActionView::Template::Error (undefined method `error_messages' for #<ActionView::Helpers::FormBuilder:0x007f54c00e3ac8>):
    13: 
    14:   <div class="actions">
    15:     <% form_for @survey do |f| %>
    16:     <%= f.error_messages %>
    17:   <p>
    18:     <%= f.label :name %><br />
    19:     <%= f.text_field :name %>
  app/views/surveys/_form.html.erb:16:in `block (2 levels) in _app_views_surveys__form_html_erb__2187956964800962872_70000988002780'
  app/views/surveys/_form.html.erb:15:in `block in _app_views_surveys__form_html_erb__2187956964800962872_70000988002780'
  app/views/surveys/_form.html.erb:1:in `_app_views_surveys__form_html_erb__2187956964800962872_70000988002780'
  app/views/surveys/new.html.erb:3:in `_app_views_surveys_new_html_erb___3917380257212292466_70000854190720'
  app/controllers/surveys_controller.rb:50:in `block (2 levels) in create'
  app/controllers/surveys_controller.rb:45:in `create'


  Rendered /home/whinub/.rvm/gems/ruby-1.9.3-p286/gems/actionpack-3.2.13/lib/action_dispatch/middleware/templates/rescues/_trace.erb (2.2ms)
  Rendered /home/whinub/.rvm/gems/ruby-1.9.3-p286/gems/actionpack-3.2.13/lib/action_dispatch/middleware/templates/rescues/_request_and_response.erb (1.8ms)
  Rendered /home/whinub/.rvm/gems/ruby-1.9.3-p286/gems/actionpack-3.2.13/lib/action_dispatch/middleware/templates/rescues/template_error.erb within rescues/layout (17.4ms)


Started GET "/survey" for 127.0.0.1 at 2013-04-08 02:36:15 -0400

ActionController::RoutingError (No route matches [GET] "/survey"):
  actionpack (3.2.13) lib/action_dispatch/middleware/debug_exceptions.rb:21:in `call'
  actionpack (3.2.13) lib/action_dispatch/middleware/show_exceptions.rb:56:in `call'
  railties (3.2.13) lib/rails/rack/logger.rb:32:in `call_app'
  railties (3.2.13) lib/rails/rack/logger.rb:16:in `block in call'
  activesupport (3.2.13) lib/active_support/tagged_logging.rb:22:in `tagged'
  railties (3.2.13) lib/rails/rack/logger.rb:16:in `call'
  actionpack (3.2.13) lib/action_dispatch/middleware/request_id.rb:22:in `call'
  rack (1.4.5) lib/rack/methodoverride.rb:21:in `call'
  rack (1.4.5) lib/rack/runtime.rb:17:in `call'
  activesupport (3.2.13) lib/active_support/cache/strategy/local_cache.rb:72:in `call'
  rack (1.4.5) lib/rack/lock.rb:15:in `call'
  actionpack (3.2.13) lib/action_dispatch/middleware/static.rb:63:in `call'
  railties (3.2.13) lib/rails/engine.rb:479:in `call'
  railties (3.2.13) lib/rails/application.rb:223:in `call'
  rack (1.4.5) lib/rack/content_length.rb:14:in `call'
  railties (3.2.13) lib/rails/rack/log_tailer.rb:17:in `call'
  rack (1.4.5) lib/rack/handler/webrick.rb:59:in `service'
  /home/whinub/.rvm/rubies/ruby-1.9.3-p286/lib/ruby/1.9.1/webrick/httpserver.rb:138:in `service'
  /home/whinub/.rvm/rubies/ruby-1.9.3-p286/lib/ruby/1.9.1/webrick/httpserver.rb:94:in `run'
  /home/whinub/.rvm/rubies/ruby-1.9.3-p286/lib/ruby/1.9.1/webrick/server.rb:191:in `block in start_thread'


  Rendered /home/whinub/.rvm/gems/ruby-1.9.3-p286/gems/actionpack-3.2.13/lib/action_dispatch/middleware/templates/rescues/routing_error.erb within rescues/layout (0.8ms)


Started GET "/surveys/" for 127.0.0.1 at 2013-04-08 02:36:19 -0400
Processing by SurveysController#index as HTML
  [1m[35mSurvey Load (0.2ms)[0m  SELECT "surveys".* FROM "surveys" 
  Rendered surveys/index.html.erb within layouts/application (1.1ms)
Completed 200 OK in 27ms (Views: 25.2ms | ActiveRecord: 0.2ms)


Started GET "/assets/application.css?body=1" for 127.0.0.1 at 2013-04-08 02:36:19 -0400
Served asset /application.css - 304 Not Modified (1ms)


Started GET "/assets/surveys.js?body=1" for 127.0.0.1 at 2013-04-08 02:36:19 -0400
Served asset /surveys.js - 304 Not Modified (0ms)


Started GET "/assets/surveys.css?body=1" for 127.0.0.1 at 2013-04-08 02:36:19 -0400
Served asset /surveys.css - 304 Not Modified (0ms)


Started GET "/assets/jquery_ujs.js?body=1" for 127.0.0.1 at 2013-04-08 02:36:19 -0400
Served asset /jquery_ujs.js - 304 Not Modified (0ms)


Started GET "/assets/jquery.js?body=1" for 127.0.0.1 at 2013-04-08 02:36:19 -0400
Served asset /jquery.js - 304 Not Modified (0ms)


Started GET "/assets/application.js?body=1" for 127.0.0.1 at 2013-04-08 02:36:19 -0400
Served asset /application.js - 304 Not Modified (1ms)


Started GET "/surveys/new" for 127.0.0.1 at 2013-04-08 02:36:22 -0400
Processing by SurveysController#new as HTML
  Rendered surveys/_form.html.erb (7.9ms)
  Rendered surveys/new.html.erb within layouts/application (8.5ms)
Completed 500 Internal Server Error in 11ms

ActionView::Template::Error (undefined method `error_messages' for #<ActionView::Helpers::FormBuilder:0x007f54c00b44d0>):
    13: 
    14:   <div class="actions">
    15:     <% form_for @survey do |f| %>
    16:     <%= f.error_messages %>
    17:   <p>
    18:     <%= f.label :name %><br />
    19:     <%= f.text_field :name %>
  app/views/surveys/_form.html.erb:16:in `block (2 levels) in _app_views_surveys__form_html_erb__2187956964800962872_70000988002780'
  app/views/surveys/_form.html.erb:15:in `block in _app_views_surveys__form_html_erb__2187956964800962872_70000988002780'
  app/views/surveys/_form.html.erb:1:in `_app_views_surveys__form_html_erb__2187956964800962872_70000988002780'
  app/views/surveys/new.html.erb:3:in `_app_views_surveys_new_html_erb___3917380257212292466_70000854190720'
  app/controllers/surveys_controller.rb:29:in `new'


  Rendered /home/whinub/.rvm/gems/ruby-1.9.3-p286/gems/actionpack-3.2.13/lib/action_dispatch/middleware/templates/rescues/_trace.erb (2.0ms)
  Rendered /home/whinub/.rvm/gems/ruby-1.9.3-p286/gems/actionpack-3.2.13/lib/action_dispatch/middleware/templates/rescues/_request_and_response.erb (1.3ms)
  Rendered /home/whinub/.rvm/gems/ruby-1.9.3-p286/gems/actionpack-3.2.13/lib/action_dispatch/middleware/templates/rescues/template_error.erb within rescues/layout (11.9ms)


Started GET "/surveys/new" for 127.0.0.1 at 2013-04-08 02:36:59 -0400
Processing by SurveysController#new as HTML
  Rendered surveys/_form.html.erb (13.4ms)
  Rendered surveys/new.html.erb within layouts/application (15.0ms)
Completed 200 OK in 38ms (Views: 36.7ms | ActiveRecord: 0.3ms)


Started GET "/assets/application.css?body=1" for 127.0.0.1 at 2013-04-08 02:36:59 -0400
Served asset /application.css - 304 Not Modified (16ms)


Started GET "/assets/surveys.css?body=1" for 127.0.0.1 at 2013-04-08 02:36:59 -0400
Served asset /surveys.css - 304 Not Modified (0ms)


Started GET "/assets/jquery_ujs.js?body=1" for 127.0.0.1 at 2013-04-08 02:36:59 -0400
Served asset /jquery_ujs.js - 304 Not Modified (0ms)


Started GET "/assets/jquery.js?body=1" for 127.0.0.1 at 2013-04-08 02:36:59 -0400
Served asset /jquery.js - 304 Not Modified (2ms)


Started GET "/assets/surveys.js?body=1" for 127.0.0.1 at 2013-04-08 02:36:59 -0400
Served asset /surveys.js - 304 Not Modified (0ms)


Started GET "/assets/application.js?body=1" for 127.0.0.1 at 2013-04-08 02:36:59 -0400
Served asset /application.js - 304 Not Modified (5ms)


Started GET "/surveys" for 127.0.0.1 at 2013-04-08 02:37:01 -0400
Processing by SurveysController#index as HTML
  [1m[36mSurvey Load (0.1ms)[0m  [1mSELECT "surveys".* FROM "surveys" [0m
  Rendered surveys/index.html.erb within layouts/application (0.4ms)
Completed 200 OK in 20ms (Views: 19.0ms | ActiveRecord: 0.1ms)


Started GET "/assets/application.css?body=1" for 127.0.0.1 at 2013-04-08 02:37:01 -0400
Served asset /application.css - 304 Not Modified (1ms)


Started GET "/assets/surveys.css?body=1" for 127.0.0.1 at 2013-04-08 02:37:01 -0400
Served asset /surveys.css - 304 Not Modified (0ms)


Started GET "/assets/jquery.js?body=1" for 127.0.0.1 at 2013-04-08 02:37:01 -0400
Served asset /jquery.js - 304 Not Modified (2ms)


Started GET "/assets/jquery_ujs.js?body=1" for 127.0.0.1 at 2013-04-08 02:37:01 -0400
Served asset /jquery_ujs.js - 304 Not Modified (0ms)


Started GET "/assets/surveys.js?body=1" for 127.0.0.1 at 2013-04-08 02:37:01 -0400
Served asset /surveys.js - 304 Not Modified (0ms)


Started GET "/assets/application.js?body=1" for 127.0.0.1 at 2013-04-08 02:37:01 -0400
Served asset /application.js - 304 Not Modified (1ms)


Started GET "/surveys/new" for 127.0.0.1 at 2013-04-08 02:37:02 -0400
Processing by SurveysController#new as HTML
  Rendered surveys/_form.html.erb (6.5ms)
  Rendered surveys/new.html.erb within layouts/application (8.9ms)
Completed 200 OK in 64ms (Views: 62.8ms | ActiveRecord: 0.0ms)


Started GET "/assets/jquery.js?body=1" for 127.0.0.1 at 2013-04-08 02:37:02 -0400
Served asset /jquery.js - 304 Not Modified (2ms)


Started GET "/assets/surveys.css?body=1" for 127.0.0.1 at 2013-04-08 02:37:02 -0400
Served asset /surveys.css - 304 Not Modified (0ms)


Started GET "/assets/jquery_ujs.js?body=1" for 127.0.0.1 at 2013-04-08 02:37:02 -0400
Served asset /jquery_ujs.js - 304 Not Modified (0ms)


Started GET "/assets/application.css?body=1" for 127.0.0.1 at 2013-04-08 02:37:02 -0400
Served asset /application.css - 304 Not Modified (1ms)


Started GET "/assets/application.js?body=1" for 127.0.0.1 at 2013-04-08 02:37:02 -0400
Served asset /application.js - 304 Not Modified (3ms)


Started GET "/assets/surveys.js?body=1" for 127.0.0.1 at 2013-04-08 02:37:02 -0400
Served asset /surveys.js - 304 Not Modified (0ms)


Started GET "/surveys" for 127.0.0.1 at 2013-04-08 02:37:40 -0400
Processing by SurveysController#index as HTML
  [1m[35mSurvey Load (0.1ms)[0m  SELECT "surveys".* FROM "surveys" 
  Rendered surveys/index.html.erb within layouts/application (0.6ms)
Completed 200 OK in 19ms (Views: 18.3ms | ActiveRecord: 0.1ms)


Started GET "/assets/surveys.js?body=1" for 127.0.0.1 at 2013-04-08 02:37:40 -0400
Served asset /surveys.js - 304 Not Modified (0ms)


Started GET "/assets/application.js?body=1" for 127.0.0.1 at 2013-04-08 02:37:40 -0400
Served asset /application.js - 304 Not Modified (3ms)


Started GET "/assets/application.css?body=1" for 127.0.0.1 at 2013-04-08 02:37:40 -0400
Served asset /application.css - 304 Not Modified (1ms)


Started GET "/assets/surveys.css?body=1" for 127.0.0.1 at 2013-04-08 02:37:40 -0400
Served asset /surveys.css - 304 Not Modified (0ms)


Started GET "/assets/jquery_ujs.js?body=1" for 127.0.0.1 at 2013-04-08 02:37:40 -0400
Served asset /jquery_ujs.js - 304 Not Modified (0ms)


Started GET "/assets/jquery.js?body=1" for 127.0.0.1 at 2013-04-08 02:37:40 -0400
Served asset /jquery.js - 304 Not Modified (2ms)


Started GET "/surveys/new" for 127.0.0.1 at 2013-04-08 02:37:45 -0400
Processing by SurveysController#new as HTML
  Rendered surveys/_form.html.erb (2.8ms)
  Rendered surveys/new.html.erb within layouts/application (4.5ms)
Completed 200 OK in 25ms (Views: 24.2ms | ActiveRecord: 0.0ms)


Started GET "/assets/application.css?body=1" for 127.0.0.1 at 2013-04-08 02:37:45 -0400
Served asset /application.css - 304 Not Modified (1ms)


Started GET "/assets/jquery_ujs.js?body=1" for 127.0.0.1 at 2013-04-08 02:37:45 -0400
Served asset /jquery_ujs.js - 304 Not Modified (1ms)


Started GET "/assets/surveys.js?body=1" for 127.0.0.1 at 2013-04-08 02:37:45 -0400
Served asset /surveys.js - 304 Not Modified (0ms)


Started GET "/assets/jquery.js?body=1" for 127.0.0.1 at 2013-04-08 02:37:45 -0400
Served asset /jquery.js - 304 Not Modified (2ms)


Started GET "/assets/surveys.css?body=1" for 127.0.0.1 at 2013-04-08 02:37:45 -0400
Served asset /surveys.css - 304 Not Modified (0ms)


Started GET "/assets/application.js?body=1" for 127.0.0.1 at 2013-04-08 02:37:45 -0400
Served asset /application.js - 304 Not Modified (3ms)


Started GET "/surveys" for 127.0.0.1 at 2013-04-08 02:37:48 -0400
Processing by SurveysController#index as HTML
  [1m[36mSurvey Load (0.2ms)[0m  [1mSELECT "surveys".* FROM "surveys" [0m
  Rendered surveys/index.html.erb within layouts/application (0.3ms)
Completed 200 OK in 21ms (Views: 19.6ms | ActiveRecord: 0.2ms)


Started GET "/assets/application.css?body=1" for 127.0.0.1 at 2013-04-08 02:37:48 -0400
Served asset /application.css - 304 Not Modified (1ms)


Started GET "/assets/jquery.js?body=1" for 127.0.0.1 at 2013-04-08 02:37:48 -0400
Served asset /jquery.js - 304 Not Modified (2ms)


Started GET "/assets/surveys.css?body=1" for 127.0.0.1 at 2013-04-08 02:37:48 -0400
Served asset /surveys.css - 304 Not Modified (0ms)


Started GET "/assets/jquery_ujs.js?body=1" for 127.0.0.1 at 2013-04-08 02:37:48 -0400
Served asset /jquery_ujs.js - 304 Not Modified (0ms)


Started GET "/assets/application.js?body=1" for 127.0.0.1 at 2013-04-08 02:37:48 -0400
Served asset /application.js - 304 Not Modified (2ms)


Started GET "/assets/surveys.js?body=1" for 127.0.0.1 at 2013-04-08 02:37:48 -0400
Served asset /surveys.js - 304 Not Modified (0ms)


Started GET "/surveys/new" for 127.0.0.1 at 2013-04-08 02:37:50 -0400
Processing by SurveysController#new as HTML
  Rendered surveys/_form.html.erb (2.2ms)
  Rendered surveys/new.html.erb within layouts/application (3.1ms)
Completed 200 OK in 21ms (Views: 20.5ms | ActiveRecord: 0.0ms)


Started GET "/assets/application.css?body=1" for 127.0.0.1 at 2013-04-08 02:37:50 -0400
Served asset /application.css - 304 Not Modified (16ms)


Started GET "/assets/surveys.css?body=1" for 127.0.0.1 at 2013-04-08 02:37:50 -0400
Served asset /surveys.css - 304 Not Modified (0ms)


Started GET "/assets/jquery_ujs.js?body=1" for 127.0.0.1 at 2013-04-08 02:37:50 -0400
Served asset /jquery_ujs.js - 304 Not Modified (0ms)


Started GET "/assets/jquery.js?body=1" for 127.0.0.1 at 2013-04-08 02:37:50 -0400
Served asset /jquery.js - 304 Not Modified (1ms)


Started GET "/assets/surveys.js?body=1" for 127.0.0.1 at 2013-04-08 02:37:50 -0400
Served asset /surveys.js - 304 Not Modified (0ms)


Started GET "/assets/application.js?body=1" for 127.0.0.1 at 2013-04-08 02:37:50 -0400
Served asset /application.js - 304 Not Modified (3ms)


Started GET "/surveys/new" for 127.0.0.1 at 2013-04-08 02:38:32 -0400
Processing by SurveysController#new as HTML
  Rendered surveys/_form.html.erb (2.6ms)
  Rendered surveys/new.html.erb within layouts/application (3.9ms)
Completed 200 OK in 24ms (Views: 23.5ms | ActiveRecord: 0.0ms)


Started GET "/assets/application.css?body=1" for 127.0.0.1 at 2013-04-08 02:38:32 -0400
Served asset /application.css - 304 Not Modified (1ms)


Started GET "/assets/jquery.js?body=1" for 127.0.0.1 at 2013-04-08 02:38:32 -0400
Served asset /jquery.js - 304 Not Modified (1ms)


Started GET "/assets/surveys.css?body=1" for 127.0.0.1 at 2013-04-08 02:38:32 -0400
Served asset /surveys.css - 304 Not Modified (0ms)


Started GET "/assets/jquery_ujs.js?body=1" for 127.0.0.1 at 2013-04-08 02:38:32 -0400
Served asset /jquery_ujs.js - 304 Not Modified (0ms)


Started GET "/assets/surveys.js?body=1" for 127.0.0.1 at 2013-04-08 02:38:32 -0400
Served asset /surveys.js - 304 Not Modified (0ms)


Started GET "/assets/application.js?body=1" for 127.0.0.1 at 2013-04-08 02:38:32 -0400
Served asset /application.js - 304 Not Modified (2ms)


Started GET "/surveys/new" for 127.0.0.1 at 2013-04-08 02:38:33 -0400
Processing by SurveysController#new as HTML
  Rendered surveys/_form.html.erb (2.1ms)
  Rendered surveys/new.html.erb within layouts/application (3.0ms)
Completed 200 OK in 24ms (Views: 23.1ms | ActiveRecord: 0.0ms)


Started GET "/assets/application.css?body=1" for 127.0.0.1 at 2013-04-08 02:38:33 -0400
Served asset /application.css - 304 Not Modified (1ms)


Started GET "/assets/surveys.css?body=1" for 127.0.0.1 at 2013-04-08 02:38:33 -0400
Served asset /surveys.css - 304 Not Modified (0ms)


Started GET "/assets/surveys.js?body=1" for 127.0.0.1 at 2013-04-08 02:38:33 -0400
Served asset /surveys.js - 304 Not Modified (0ms)


Started GET "/assets/jquery_ujs.js?body=1" for 127.0.0.1 at 2013-04-08 02:38:33 -0400
Served asset /jquery_ujs.js - 304 Not Modified (0ms)


Started GET "/assets/jquery.js?body=1" for 127.0.0.1 at 2013-04-08 02:38:33 -0400
Served asset /jquery.js - 304 Not Modified (1ms)


Started GET "/assets/application.js?body=1" for 127.0.0.1 at 2013-04-08 02:38:33 -0400
Served asset /application.js - 304 Not Modified (3ms)


Started GET "/surveys/new" for 127.0.0.1 at 2013-04-08 02:44:24 -0400
Processing by SurveysController#new as HTML
  Rendered surveys/_form.html.erb (3.7ms)
  Rendered surveys/new.html.erb within layouts/application (4.6ms)
Completed 200 OK in 23ms (Views: 22.7ms | ActiveRecord: 0.0ms)


Started GET "/assets/application.css?body=1" for 127.0.0.1 at 2013-04-08 02:44:24 -0400
Served asset /application.css - 304 Not Modified (17ms)


Started GET "/assets/surveys.css?body=1" for 127.0.0.1 at 2013-04-08 02:44:24 -0400
Served asset /surveys.css - 304 Not Modified (0ms)


Started GET "/assets/jquery.js?body=1" for 127.0.0.1 at 2013-04-08 02:44:24 -0400
Served asset /jquery.js - 304 Not Modified (2ms)


Started GET "/assets/surveys.js?body=1" for 127.0.0.1 at 2013-04-08 02:44:24 -0400
Served asset /surveys.js - 304 Not Modified (0ms)


Started GET "/assets/application.js?body=1" for 127.0.0.1 at 2013-04-08 02:44:24 -0400
Served asset /application.js - 304 Not Modified (2ms)


Started GET "/assets/jquery_ujs.js?body=1" for 127.0.0.1 at 2013-04-08 02:44:24 -0400
Served asset /jquery_ujs.js - 304 Not Modified (0ms)


Started GET "/surveys/" for 127.0.0.1 at 2013-04-08 02:44:26 -0400
Processing by SurveysController#index as HTML
  [1m[35mSurvey Load (0.2ms)[0m  SELECT "surveys".* FROM "surveys" 
  Rendered surveys/index.html.erb within layouts/application (0.5ms)
Completed 200 OK in 21ms (Views: 19.2ms | ActiveRecord: 0.2ms)


Started GET "/assets/application.css?body=1" for 127.0.0.1 at 2013-04-08 02:44:26 -0400
Served asset /application.css - 304 Not Modified (1ms)


Started GET "/assets/surveys.css?body=1" for 127.0.0.1 at 2013-04-08 02:44:26 -0400
Served asset /surveys.css - 304 Not Modified (0ms)


Started GET "/assets/surveys.js?body=1" for 127.0.0.1 at 2013-04-08 02:44:26 -0400
Served asset /surveys.js - 304 Not Modified (0ms)


Started GET "/assets/jquery_ujs.js?body=1" for 127.0.0.1 at 2013-04-08 02:44:26 -0400
Served asset /jquery_ujs.js - 304 Not Modified (0ms)


Started GET "/assets/jquery.js?body=1" for 127.0.0.1 at 2013-04-08 02:44:26 -0400
Served asset /jquery.js - 304 Not Modified (1ms)


Started GET "/assets/application.js?body=1" for 127.0.0.1 at 2013-04-08 02:44:26 -0400
Served asset /application.js - 304 Not Modified (3ms)


Started GET "/surveys/new" for 127.0.0.1 at 2013-04-08 02:44:29 -0400
Processing by SurveysController#new as HTML
  Rendered surveys/_form.html.erb (4.3ms)
  Rendered surveys/new.html.erb within layouts/application (6.1ms)
Completed 200 OK in 27ms (Views: 26.6ms | ActiveRecord: 0.0ms)


Started GET "/assets/surveys.css?body=1" for 127.0.0.1 at 2013-04-08 02:44:29 -0400
Served asset /surveys.css - 304 Not Modified (1ms)


Started GET "/assets/jquery.js?body=1" for 127.0.0.1 at 2013-04-08 02:44:30 -0400
Served asset /jquery.js - 304 Not Modified (2ms)


Started GET "/assets/application.css?body=1" for 127.0.0.1 at 2013-04-08 02:44:30 -0400
Served asset /application.css - 304 Not Modified (1ms)


Started GET "/assets/jquery_ujs.js?body=1" for 127.0.0.1 at 2013-04-08 02:44:30 -0400
Served asset /jquery_ujs.js - 304 Not Modified (0ms)


Started GET "/assets/application.js?body=1" for 127.0.0.1 at 2013-04-08 02:44:30 -0400
Served asset /application.js - 304 Not Modified (3ms)


Started GET "/assets/surveys.js?body=1" for 127.0.0.1 at 2013-04-08 02:44:30 -0400
Served asset /surveys.js - 304 Not Modified (0ms)


Started GET "/surveys" for 127.0.0.1 at 2013-04-08 02:45:17 -0400
Processing by SurveysController#index as HTML
  [1m[36mSurvey Load (0.3ms)[0m  [1mSELECT "surveys".* FROM "surveys" [0m
  Rendered surveys/index.html.erb within layouts/application (1.1ms)
Completed 200 OK in 27ms (Views: 24.6ms | ActiveRecord: 0.3ms)


Started GET "/assets/application.css?body=1" for 127.0.0.1 at 2013-04-08 02:45:17 -0400
Served asset /application.css - 304 Not Modified (1ms)


Started GET "/assets/surveys.css?body=1" for 127.0.0.1 at 2013-04-08 02:45:17 -0400
Served asset /surveys.css - 304 Not Modified (0ms)


Started GET "/assets/jquery.js?body=1" for 127.0.0.1 at 2013-04-08 02:45:17 -0400
Served asset /jquery.js - 304 Not Modified (2ms)


Started GET "/assets/surveys.js?body=1" for 127.0.0.1 at 2013-04-08 02:45:17 -0400
Served asset /surveys.js - 304 Not Modified (0ms)


Started GET "/assets/application.js?body=1" for 127.0.0.1 at 2013-04-08 02:45:17 -0400
Served asset /application.js - 304 Not Modified (1ms)


Started GET "/assets/jquery_ujs.js?body=1" for 127.0.0.1 at 2013-04-08 02:45:17 -0400
Served asset /jquery_ujs.js - 304 Not Modified (0ms)


Started GET "/surveys" for 127.0.0.1 at 2013-04-08 02:46:22 -0400
Processing by SurveysController#index as HTML
  [1m[35mSurvey Load (0.2ms)[0m  SELECT "surveys".* FROM "surveys" 
  Rendered surveys/index.html.erb within layouts/application (0.8ms)
Completed 200 OK in 23ms (Views: 20.6ms | ActiveRecord: 0.2ms)


Started GET "/assets/application.css?body=1" for 127.0.0.1 at 2013-04-08 02:46:22 -0400
Served asset /application.css - 304 Not Modified (9ms)


Started GET "/assets/surveys.css?body=1" for 127.0.0.1 at 2013-04-08 02:46:22 -0400
Served asset /surveys.css - 304 Not Modified (0ms)


Started GET "/assets/surveys.js?body=1" for 127.0.0.1 at 2013-04-08 02:46:22 -0400
Served asset /surveys.js - 304 Not Modified (0ms)


Started GET "/assets/jquery_ujs.js?body=1" for 127.0.0.1 at 2013-04-08 02:46:22 -0400
Served asset /jquery_ujs.js - 304 Not Modified (0ms)


Started GET "/assets/jquery.js?body=1" for 127.0.0.1 at 2013-04-08 02:46:22 -0400
Served asset /jquery.js - 304 Not Modified (2ms)


Started GET "/assets/application.js?body=1" for 127.0.0.1 at 2013-04-08 02:46:22 -0400
Served asset /application.js - 304 Not Modified (3ms)


Started GET "/surveys" for 127.0.0.1 at 2013-04-08 02:46:23 -0400
Processing by SurveysController#index as HTML
  [1m[36mSurvey Load (0.2ms)[0m  [1mSELECT "surveys".* FROM "surveys" [0m
  Rendered surveys/index.html.erb within layouts/application (0.8ms)
Completed 200 OK in 26ms (Views: 24.2ms | ActiveRecord: 0.2ms)


Started GET "/assets/application.css?body=1" for 127.0.0.1 at 2013-04-08 02:46:23 -0400
Served asset /application.css - 304 Not Modified (41ms)


Started GET "/assets/jquery.js?body=1" for 127.0.0.1 at 2013-04-08 02:46:23 -0400
Served asset /jquery.js - 304 Not Modified (2ms)


Started GET "/assets/jquery_ujs.js?body=1" for 127.0.0.1 at 2013-04-08 02:46:23 -0400
Served asset /jquery_ujs.js - 304 Not Modified (0ms)


Started GET "/assets/surveys.css?body=1" for 127.0.0.1 at 2013-04-08 02:46:23 -0400
Served asset /surveys.css - 304 Not Modified (0ms)


Started GET "/assets/surveys.js?body=1" for 127.0.0.1 at 2013-04-08 02:46:23 -0400
Served asset /surveys.js - 304 Not Modified (0ms)


Started GET "/assets/application.js?body=1" for 127.0.0.1 at 2013-04-08 02:46:23 -0400
Served asset /application.js - 304 Not Modified (4ms)


Started GET "/surveys/new" for 127.0.0.1 at 2013-04-08 02:46:24 -0400
Processing by SurveysController#new as HTML
  Rendered surveys/_form.html.erb (2.8ms)
  Rendered surveys/new.html.erb within layouts/application (4.8ms)
Completed 200 OK in 26ms (Views: 24.7ms | ActiveRecord: 0.0ms)


Started GET "/assets/application.css?body=1" for 127.0.0.1 at 2013-04-08 02:46:24 -0400
Served asset /application.css - 304 Not Modified (5ms)


Started GET "/assets/surveys.css?body=1" for 127.0.0.1 at 2013-04-08 02:46:24 -0400
Served asset /surveys.css - 304 Not Modified (0ms)


Started GET "/assets/jquery_ujs.js?body=1" for 127.0.0.1 at 2013-04-08 02:46:24 -0400
Served asset /jquery_ujs.js - 304 Not Modified (0ms)


Started GET "/assets/jquery.js?body=1" for 127.0.0.1 at 2013-04-08 02:46:24 -0400
Served asset /jquery.js - 304 Not Modified (1ms)


Started GET "/assets/application.js?body=1" for 127.0.0.1 at 2013-04-08 02:46:24 -0400
Served asset /application.js - 304 Not Modified (3ms)


Started GET "/assets/surveys.js?body=1" for 127.0.0.1 at 2013-04-08 02:46:24 -0400
Served asset /surveys.js - 304 Not Modified (0ms)


Started GET "/surveys/new" for 127.0.0.1 at 2013-04-08 02:48:38 -0400
Processing by SurveysController#new as HTML
ERROR: compiling _app_views_surveys__form_html_erb__2187956964800962872_70000854438000 RAISED /home/whinub/website/airgate/app/views/surveys/_form.html.erb:28: syntax error, unexpected keyword_ensure, expecting keyword_end
/home/whinub/website/airgate/app/views/surveys/_form.html.erb:30: syntax error, unexpected $end, expecting keyword_end
Function body:           def _app_views_surveys__form_html_erb__2187956964800962872_70000854438000(local_assigns, output_buffer)
            _old_virtual_path, @virtual_path = @virtual_path, "surveys/_form";_old_output_buffer = @output_buffer;form = local_assigns[:form];;@output_buffer = output_buffer || ActionView::OutputBuffer.new;@output_buffer.append=  form_for(@survey) do |f| @output_buffer.safe_concat('
');   if @survey.errors.any? 
@output_buffer.safe_concat('    <div id="error_explanation">
      <h2>');@output_buffer.append= ( pluralize(@survey.errors.count, "error") );@output_buffer.safe_concat(' prohibited this survey from being saved:</h2>

      <ul>
');       @survey.errors.full_messages.each do |msg| 
@output_buffer.safe_concat('        <li>');@output_buffer.append= ( msg );@output_buffer.safe_concat('</li>
');       end 
@output_buffer.safe_concat('      </ul>
    </div>
     <p>
     ');@output_buffer.append= ( f.label :name );@output_buffer.safe_concat('<br />
     ');@output_buffer.append= ( f.text_field :name );@output_buffer.safe_concat('
');@output_buffer.safe_concat('     </p>
'); f.fields_for :questions do |builder| 
@output_buffer.safe_concat('  <p>
    ');@output_buffer.append= ( builder.label :content, "Question" );@output_buffer.safe_concat('<br />
    ');@output_buffer.append= ( builder.text_area :content, :rows => 3 );@output_buffer.safe_concat('
');@output_buffer.safe_concat('  </p>
'); end 
@output_buffer.safe_concat('
  <div class="actions">
    ');@output_buffer.append= ( f.submit );@output_buffer.safe_concat('
');@output_buffer.safe_concat('  </div>
'); end 
@output_buffer.to_s
          ensure
            @virtual_path, @output_buffer = _old_virtual_path, _old_output_buffer
          end

Backtrace: /home/whinub/.rvm/gems/ruby-1.9.3-p286/gems/actionpack-3.2.13/lib/action_view/template.rb:297:in `module_eval'
/home/whinub/.rvm/gems/ruby-1.9.3-p286/gems/actionpack-3.2.13/lib/action_view/template.rb:297:in `compile'
/home/whinub/.rvm/gems/ruby-1.9.3-p286/gems/actionpack-3.2.13/lib/action_view/template.rb:244:in `block in compile!'
<internal:prelude>:10:in `synchronize'
/home/whinub/.rvm/gems/ruby-1.9.3-p286/gems/actionpack-3.2.13/lib/action_view/template.rb:232:in `compile!'
/home/whinub/.rvm/gems/ruby-1.9.3-p286/gems/actionpack-3.2.13/lib/action_view/template.rb:144:in `block in render'
/home/whinub/.rvm/gems/ruby-1.9.3-p286/gems/activesupport-3.2.13/lib/active_support/notifications.rb:125:in `instrument'
/home/whinub/.rvm/gems/ruby-1.9.3-p286/gems/actionpack-3.2.13/lib/action_view/template.rb:143:in `render'
/home/whinub/.rvm/gems/ruby-1.9.3-p286/gems/actionpack-3.2.13/lib/action_view/renderer/partial_renderer.rb:265:in `render_partial'
/home/whinub/.rvm/gems/ruby-1.9.3-p286/gems/actionpack-3.2.13/lib/action_view/renderer/partial_renderer.rb:238:in `block in render'
/home/whinub/.rvm/gems/ruby-1.9.3-p286/gems/actionpack-3.2.13/lib/action_view/renderer/abstract_renderer.rb:38:in `block in instrument'
/home/whinub/.rvm/gems/ruby-1.9.3-p286/gems/activesupport-3.2.13/lib/active_support/notifications.rb:123:in `block in instrument'
/home/whinub/.rvm/gems/ruby-1.9.3-p286/gems/activesupport-3.2.13/lib/active_support/notifications/instrumenter.rb:20:in `instrument'
/home/whinub/.rvm/gems/ruby-1.9.3-p286/gems/activesupport-3.2.13/lib/active_support/notifications.rb:123:in `instrument'
/home/whinub/.rvm/gems/ruby-1.9.3-p286/gems/actionpack-3.2.13/lib/action_view/renderer/abstract_renderer.rb:38:in `instrument'
/home/whinub/.rvm/gems/ruby-1.9.3-p286/gems/actionpack-3.2.13/lib/action_view/renderer/partial_renderer.rb:237:in `render'
/home/whinub/.rvm/gems/ruby-1.9.3-p286/gems/actionpack-3.2.13/lib/action_view/renderer/renderer.rb:41:in `render_partial'
/home/whinub/.rvm/gems/ruby-1.9.3-p286/gems/actionpack-3.2.13/lib/action_view/helpers/rendering_helper.rb:27:in `render'
/home/whinub/website/airgate/app/views/surveys/new.html.erb:3:in `_app_views_surveys_new_html_erb___3917380257212292466_70000854190720'
/home/whinub/.rvm/gems/ruby-1.9.3-p286/gems/actionpack-3.2.13/lib/action_view/template.rb:145:in `block in render'
/home/whinub/.rvm/gems/ruby-1.9.3-p286/gems/activesupport-3.2.13/lib/active_support/notifications.rb:125:in `instrument'
/home/whinub/.rvm/gems/ruby-1.9.3-p286/gems/actionpack-3.2.13/lib/action_view/template.rb:143:in `render'
/home/whinub/.rvm/gems/ruby-1.9.3-p286/gems/actionpack-3.2.13/lib/action_view/renderer/template_renderer.rb:47:in `block (2 levels) in render_template'
/home/whinub/.rvm/gems/ruby-1.9.3-p286/gems/actionpack-3.2.13/lib/action_view/renderer/abstract_renderer.rb:38:in `block in instrument'
/home/whinub/.rvm/gems/ruby-1.9.3-p286/gems/activesupport-3.2.13/lib/active_support/notifications.rb:123:in `block in instrument'
/home/whinub/.rvm/gems/ruby-1.9.3-p286/gems/activesupport-3.2.13/lib/active_support/notifications/instrumenter.rb:20:in `instrument'
/home/whinub/.rvm/gems/ruby-1.9.3-p286/gems/activesupport-3.2.13/lib/active_support/notifications.rb:123:in `instrument'
/home/whinub/.rvm/gems/ruby-1.9.3-p286/gems/actionpack-3.2.13/lib/action_view/renderer/abstract_renderer.rb:38:in `instrument'
/home/whinub/.rvm/gems/ruby-1.9.3-p286/gems/actionpack-3.2.13/lib/action_view/renderer/template_renderer.rb:46:in `block in render_template'
/home/whinub/.rvm/gems/ruby-1.9.3-p286/gems/actionpack-3.2.13/lib/action_view/renderer/template_renderer.rb:54:in `render_with_layout'
/home/whinub/.rvm/gems/ruby-1.9.3-p286/gems/actionpack-3.2.13/lib/action_view/renderer/template_renderer.rb:45:in `render_template'
/home/whinub/.rvm/gems/ruby-1.9.3-p286/gems/actionpack-3.2.13/lib/action_view/renderer/template_renderer.rb:18:in `render'
/home/whinub/.rvm/gems/ruby-1.9.3-p286/gems/actionpack-3.2.13/lib/action_view/renderer/renderer.rb:36:in `render_template'
/home/whinub/.rvm/gems/ruby-1.9.3-p286/gems/actionpack-3.2.13/lib/action_view/renderer/renderer.rb:17:in `render'
/home/whinub/.rvm/gems/ruby-1.9.3-p286/gems/actionpack-3.2.13/lib/abstract_controller/rendering.rb:110:in `_render_template'
/home/whinub/.rvm/gems/ruby-1.9.3-p286/gems/actionpack-3.2.13/lib/action_controller/metal/streaming.rb:225:in `_render_template'
/home/whinub/.rvm/gems/ruby-1.9.3-p286/gems/actionpack-3.2.13/lib/abstract_controller/rendering.rb:103:in `render_to_body'
/home/whinub/.rvm/gems/ruby-1.9.3-p286/gems/actionpack-3.2.13/lib/action_controller/metal/renderers.rb:28:in `render_to_body'
/home/whinub/.rvm/gems/ruby-1.9.3-p286/gems/actionpack-3.2.13/lib/action_controller/metal/compatibility.rb:50:in `render_to_body'
/home/whinub/.rvm/gems/ruby-1.9.3-p286/gems/actionpack-3.2.13/lib/abstract_controller/rendering.rb:88:in `render'
/home/whinub/.rvm/gems/ruby-1.9.3-p286/gems/actionpack-3.2.13/lib/action_controller/metal/rendering.rb:16:in `render'
/home/whinub/.rvm/gems/ruby-1.9.3-p286/gems/actionpack-3.2.13/lib/action_controller/metal/instrumentation.rb:40:in `block (2 levels) in render'
/home/whinub/.rvm/gems/ruby-1.9.3-p286/gems/activesupport-3.2.13/lib/active_support/core_ext/benchmark.rb:5:in `block in ms'
/home/whinub/.rvm/rubies/ruby-1.9.3-p286/lib/ruby/1.9.1/benchmark.rb:295:in `realtime'
/home/whinub/.rvm/gems/ruby-1.9.3-p286/gems/activesupport-3.2.13/lib/active_support/core_ext/benchmark.rb:5:in `ms'
/home/whinub/.rvm/gems/ruby-1.9.3-p286/gems/actionpack-3.2.13/lib/action_controller/metal/instrumentation.rb:40:in `block in render'
/home/whinub/.rvm/gems/ruby-1.9.3-p286/gems/actionpack-3.2.13/lib/action_controller/metal/instrumentation.rb:83:in `cleanup_view_runtime'
/home/whinub/.rvm/gems/ruby-1.9.3-p286/gems/activerecord-3.2.13/lib/active_record/railties/controller_runtime.rb:24:in `cleanup_view_runtime'
/home/whinub/.rvm/gems/ruby-1.9.3-p286/gems/actionpack-3.2.13/lib/action_controller/metal/instrumentation.rb:39:in `render'
/home/whinub/.rvm/gems/ruby-1.9.3-p286/gems/actionpack-3.2.13/lib/action_controller/metal/implicit_render.rb:10:in `default_render'
/home/whinub/.rvm/gems/ruby-1.9.3-p286/gems/actionpack-3.2.13/lib/action_controller/metal/mime_responds.rb:196:in `respond_to'
/home/whinub/website/airgate/app/controllers/surveys_controller.rb:29:in `new'
/home/whinub/.rvm/gems/ruby-1.9.3-p286/gems/actionpack-3.2.13/lib/action_controller/metal/implicit_render.rb:4:in `send_action'
/home/whinub/.rvm/gems/ruby-1.9.3-p286/gems/actionpack-3.2.13/lib/abstract_controller/base.rb:167:in `process_action'
/home/whinub/.rvm/gems/ruby-1.9.3-p286/gems/actionpack-3.2.13/lib/action_controller/metal/rendering.rb:10:in `process_action'
/home/whinub/.rvm/gems/ruby-1.9.3-p286/gems/actionpack-3.2.13/lib/abstract_controller/callbacks.rb:18:in `block in process_action'
/home/whinub/.rvm/gems/ruby-1.9.3-p286/gems/activesupport-3.2.13/lib/active_support/callbacks.rb:414:in `_run__4122212145268813132__process_action__2796573494463604962__callbacks'
/home/whinub/.rvm/gems/ruby-1.9.3-p286/gems/activesupport-3.2.13/lib/active_support/callbacks.rb:405:in `__run_callback'
/home/whinub/.rvm/gems/ruby-1.9.3-p286/gems/activesupport-3.2.13/lib/active_support/callbacks.rb:385:in `_run_process_action_callbacks'
/home/whinub/.rvm/gems/ruby-1.9.3-p286/gems/activesupport-3.2.13/lib/active_support/callbacks.rb:81:in `run_callbacks'
/home/whinub/.rvm/gems/ruby-1.9.3-p286/gems/actionpack-3.2.13/lib/abstract_controller/callbacks.rb:17:in `process_action'
/home/whinub/.rvm/gems/ruby-1.9.3-p286/gems/actionpack-3.2.13/lib/action_controller/metal/rescue.rb:29:in `process_action'
/home/whinub/.rvm/gems/ruby-1.9.3-p286/gems/actionpack-3.2.13/lib/action_controller/metal/instrumentation.rb:30:in `block in process_action'
/home/whinub/.rvm/gems/ruby-1.9.3-p286/gems/activesupport-3.2.13/lib/active_support/notifications.rb:123:in `block in instrument'
/home/whinub/.rvm/gems/ruby-1.9.3-p286/gems/activesupport-3.2.13/lib/active_support/notifications/instrumenter.rb:20:in `instrument'
/home/whinub/.rvm/gems/ruby-1.9.3-p286/gems/activesupport-3.2.13/lib/active_support/notifications.rb:123:in `instrument'
/home/whinub/.rvm/gems/ruby-1.9.3-p286/gems/actionpack-3.2.13/lib/action_controller/metal/instrumentation.rb:29:in `process_action'
/home/whinub/.rvm/gems/ruby-1.9.3-p286/gems/actionpack-3.2.13/lib/action_controller/metal/params_wrapper.rb:207:in `process_action'
/home/whinub/.rvm/gems/ruby-1.9.3-p286/gems/activerecord-3.2.13/lib/active_record/railties/controller_runtime.rb:18:in `process_action'
/home/whinub/.rvm/gems/ruby-1.9.3-p286/gems/actionpack-3.2.13/lib/abstract_controller/base.rb:121:in `process'
/home/whinub/.rvm/gems/ruby-1.9.3-p286/gems/actionpack-3.2.13/lib/abstract_controller/rendering.rb:45:in `process'
/home/whinub/.rvm/gems/ruby-1.9.3-p286/gems/actionpack-3.2.13/lib/action_controller/metal.rb:203:in `dispatch'
/home/whinub/.rvm/gems/ruby-1.9.3-p286/gems/actionpack-3.2.13/lib/action_controller/metal/rack_delegation.rb:14:in `dispatch'
/home/whinub/.rvm/gems/ruby-1.9.3-p286/gems/actionpack-3.2.13/lib/action_controller/metal.rb:246:in `block in action'
/home/whinub/.rvm/gems/ruby-1.9.3-p286/gems/actionpack-3.2.13/lib/action_dispatch/routing/route_set.rb:73:in `call'
/home/whinub/.rvm/gems/ruby-1.9.3-p286/gems/actionpack-3.2.13/lib/action_dispatch/routing/route_set.rb:73:in `dispatch'
/home/whinub/.rvm/gems/ruby-1.9.3-p286/gems/actionpack-3.2.13/lib/action_dispatch/routing/route_set.rb:36:in `call'
/home/whinub/.rvm/gems/ruby-1.9.3-p286/gems/journey-1.0.4/lib/journey/router.rb:68:in `block in call'
/home/whinub/.rvm/gems/ruby-1.9.3-p286/gems/journey-1.0.4/lib/journey/router.rb:56:in `each'
/home/whinub/.rvm/gems/ruby-1.9.3-p286/gems/journey-1.0.4/lib/journey/router.rb:56:in `call'
/home/whinub/.rvm/gems/ruby-1.9.3-p286/gems/actionpack-3.2.13/lib/action_dispatch/routing/route_set.rb:612:in `call'
/home/whinub/.rvm/gems/ruby-1.9.3-p286/gems/actionpack-3.2.13/lib/action_dispatch/middleware/best_standards_support.rb:17:in `call'
/home/whinub/.rvm/gems/ruby-1.9.3-p286/gems/rack-1.4.5/lib/rack/etag.rb:23:in `call'
/home/whinub/.rvm/gems/ruby-1.9.3-p286/gems/rack-1.4.5/lib/rack/conditionalget.rb:25:in `call'
/home/whinub/.rvm/gems/ruby-1.9.3-p286/gems/actionpack-3.2.13/lib/action_dispatch/middleware/head.rb:14:in `call'
/home/whinub/.rvm/gems/ruby-1.9.3-p286/gems/actionpack-3.2.13/lib/action_dispatch/middleware/params_parser.rb:21:in `call'
/home/whinub/.rvm/gems/ruby-1.9.3-p286/gems/actionpack-3.2.13/lib/action_dispatch/middleware/flash.rb:242:in `call'
/home/whinub/.rvm/gems/ruby-1.9.3-p286/gems/rack-1.4.5/lib/rack/session/abstract/id.rb:210:in `context'
/home/whinub/.rvm/gems/ruby-1.9.3-p286/gems/rack-1.4.5/lib/rack/session/abstract/id.rb:205:in `call'
/home/whinub/.rvm/gems/ruby-1.9.3-p286/gems/actionpack-3.2.13/lib/action_dispatch/middleware/cookies.rb:341:in `call'
/home/whinub/.rvm/gems/ruby-1.9.3-p286/gems/activerecord-3.2.13/lib/active_record/query_cache.rb:64:in `call'
/home/whinub/.rvm/gems/ruby-1.9.3-p286/gems/activerecord-3.2.13/lib/active_record/connection_adapters/abstract/connection_pool.rb:479:in `call'
/home/whinub/.rvm/gems/ruby-1.9.3-p286/gems/actionpack-3.2.13/lib/action_dispatch/middleware/callbacks.rb:28:in `block in call'
/home/whinub/.rvm/gems/ruby-1.9.3-p286/gems/activesupport-3.2.13/lib/active_support/callbacks.rb:405:in `_run__2198903740679155684__call__1729327292704992416__callbacks'
/home/whinub/.rvm/gems/ruby-1.9.3-p286/gems/activesupport-3.2.13/lib/active_support/callbacks.rb:405:in `__run_callback'
/home/whinub/.rvm/gems/ruby-1.9.3-p286/gems/activesupport-3.2.13/lib/active_support/callbacks.rb:385:in `_run_call_callbacks'
/home/whinub/.rvm/gems/ruby-1.9.3-p286/gems/activesupport-3.2.13/lib/active_support/callbacks.rb:81:in `run_callbacks'
/home/whinub/.rvm/gems/ruby-1.9.3-p286/gems/actionpack-3.2.13/lib/action_dispatch/middleware/callbacks.rb:27:in `call'
/home/whinub/.rvm/gems/ruby-1.9.3-p286/gems/actionpack-3.2.13/lib/action_dispatch/middleware/reloader.rb:65:in `call'
/home/whinub/.rvm/gems/ruby-1.9.3-p286/gems/actionpack-3.2.13/lib/action_dispatch/middleware/remote_ip.rb:31:in `call'
/home/whinub/.rvm/gems/ruby-1.9.3-p286/gems/actionpack-3.2.13/lib/action_dispatch/middleware/debug_exceptions.rb:16:in `call'
/home/whinub/.rvm/gems/ruby-1.9.3-p286/gems/actionpack-3.2.13/lib/action_dispatch/middleware/show_exceptions.rb:56:in `call'
/home/whinub/.rvm/gems/ruby-1.9.3-p286/gems/railties-3.2.13/lib/rails/rack/logger.rb:32:in `call_app'
/home/whinub/.rvm/gems/ruby-1.9.3-p286/gems/railties-3.2.13/lib/rails/rack/logger.rb:16:in `block in call'
/home/whinub/.rvm/gems/ruby-1.9.3-p286/gems/activesupport-3.2.13/lib/active_support/tagged_logging.rb:22:in `tagged'
/home/whinub/.rvm/gems/ruby-1.9.3-p286/gems/railties-3.2.13/lib/rails/rack/logger.rb:16:in `call'
/home/whinub/.rvm/gems/ruby-1.9.3-p286/gems/actionpack-3.2.13/lib/action_dispatch/middleware/request_id.rb:22:in `call'
/home/whinub/.rvm/gems/ruby-1.9.3-p286/gems/rack-1.4.5/lib/rack/methodoverride.rb:21:in `call'
/home/whinub/.rvm/gems/ruby-1.9.3-p286/gems/rack-1.4.5/lib/rack/runtime.rb:17:in `call'
/home/whinub/.rvm/gems/ruby-1.9.3-p286/gems/activesupport-3.2.13/lib/active_support/cache/strategy/local_cache.rb:72:in `call'
/home/whinub/.rvm/gems/ruby-1.9.3-p286/gems/rack-1.4.5/lib/rack/lock.rb:15:in `call'
/home/whinub/.rvm/gems/ruby-1.9.3-p286/gems/actionpack-3.2.13/lib/action_dispatch/middleware/static.rb:63:in `call'
/home/whinub/.rvm/gems/ruby-1.9.3-p286/gems/railties-3.2.13/lib/rails/engine.rb:479:in `call'
/home/whinub/.rvm/gems/ruby-1.9.3-p286/gems/railties-3.2.13/lib/rails/application.rb:223:in `call'
/home/whinub/.rvm/gems/ruby-1.9.3-p286/gems/rack-1.4.5/lib/rack/content_length.rb:14:in `call'
/home/whinub/.rvm/gems/ruby-1.9.3-p286/gems/railties-3.2.13/lib/rails/rack/log_tailer.rb:17:in `call'
/home/whinub/.rvm/gems/ruby-1.9.3-p286/gems/rack-1.4.5/lib/rack/handler/webrick.rb:59:in `service'
/home/whinub/.rvm/rubies/ruby-1.9.3-p286/lib/ruby/1.9.1/webrick/httpserver.rb:138:in `service'
/home/whinub/.rvm/rubies/ruby-1.9.3-p286/lib/ruby/1.9.1/webrick/httpserver.rb:94:in `run'
/home/whinub/.rvm/rubies/ruby-1.9.3-p286/lib/ruby/1.9.1/webrick/server.rb:191:in `block in start_thread'
  Rendered surveys/_form.html.erb (1.8ms)
  Rendered surveys/new.html.erb within layouts/application (2.8ms)
Completed 500 Internal Server Error in 6ms

ActionView::Template::Error (/home/whinub/website/airgate/app/views/surveys/_form.html.erb:28: syntax error, unexpected keyword_ensure, expecting keyword_end
/home/whinub/website/airgate/app/views/surveys/_form.html.erb:30: syntax error, unexpected $end, expecting keyword_end):
    25:   </div>
    26: <% end %>
  app/views/surveys/new.html.erb:3:in `_app_views_surveys_new_html_erb___3917380257212292466_70000854190720'
  app/controllers/surveys_controller.rb:29:in `new'


  Rendered /home/whinub/.rvm/gems/ruby-1.9.3-p286/gems/actionpack-3.2.13/lib/action_dispatch/middleware/templates/rescues/_trace.erb (2.1ms)
  Rendered /home/whinub/.rvm/gems/ruby-1.9.3-p286/gems/actionpack-3.2.13/lib/action_dispatch/middleware/templates/rescues/_request_and_response.erb (1.6ms)
  Rendered /home/whinub/.rvm/gems/ruby-1.9.3-p286/gems/actionpack-3.2.13/lib/action_dispatch/middleware/templates/rescues/template_error.erb within rescues/layout (12.0ms)


Started GET "/surveys/new" for 127.0.0.1 at 2013-04-08 02:49:31 -0400
Processing by SurveysController#new as HTML
ERROR: compiling _app_views_surveys__form_html_erb__2187956964800962872_70000988320280 RAISED /home/whinub/website/airgate/app/views/surveys/_form.html.erb:29: syntax error, unexpected keyword_ensure, expecting keyword_end
/home/whinub/website/airgate/app/views/surveys/_form.html.erb:31: syntax error, unexpected $end, expecting keyword_end
Function body:           def _app_views_surveys__form_html_erb__2187956964800962872_70000988320280(local_assigns, output_buffer)
            _old_virtual_path, @virtual_path = @virtual_path, "surveys/_form";_old_output_buffer = @output_buffer;form = local_assigns[:form];;@output_buffer = output_buffer || ActionView::OutputBuffer.new;@output_buffer.append=  form_for(@survey) do |f| @output_buffer.safe_concat('
');   if @survey.errors.any? 
@output_buffer.safe_concat('    <div id="error_explanation">
      <h2>');@output_buffer.append= ( pluralize(@survey.errors.count, "error") );@output_buffer.safe_concat(' prohibited this survey from being saved:</h2>

      <ul>
');       @survey.errors.full_messages.each do |msg| 
@output_buffer.safe_concat('        <li>');@output_buffer.append= ( msg );@output_buffer.safe_concat('</li>
');       end 
@output_buffer.safe_concat('      </ul>
    </div>
');   end 
@output_buffer.safe_concat('
  <p>
    ');@output_buffer.append= ( f.label :name );@output_buffer.safe_concat('<br />
    ');@output_buffer.append= ( f.text_field :name );@output_buffer.safe_concat('
');@output_buffer.safe_concat('  </p>
');   f.fields_for :questions do |builder| 
@output_buffer.safe_concat('  <p>
    ');@output_buffer.append= ( builder.label :content, "Question" );@output_buffer.safe_concat('<br />
    ');@output_buffer.append= ( builder.text_area :content, :rows => 3 );@output_buffer.safe_concat('
');@output_buffer.safe_concat('  </p>

  <div class="actions">
    ');@output_buffer.append= ( f.submit );@output_buffer.safe_concat('
');@output_buffer.safe_concat('  </div>
'); end 
@output_buffer.to_s
          ensure
            @virtual_path, @output_buffer = _old_virtual_path, _old_output_buffer
          end

Backtrace: /home/whinub/.rvm/gems/ruby-1.9.3-p286/gems/actionpack-3.2.13/lib/action_view/template.rb:297:in `module_eval'
/home/whinub/.rvm/gems/ruby-1.9.3-p286/gems/actionpack-3.2.13/lib/action_view/template.rb:297:in `compile'
/home/whinub/.rvm/gems/ruby-1.9.3-p286/gems/actionpack-3.2.13/lib/action_view/template.rb:244:in `block in compile!'
<internal:prelude>:10:in `synchronize'
/home/whinub/.rvm/gems/ruby-1.9.3-p286/gems/actionpack-3.2.13/lib/action_view/template.rb:232:in `compile!'
/home/whinub/.rvm/gems/ruby-1.9.3-p286/gems/actionpack-3.2.13/lib/action_view/template.rb:144:in `block in render'
/home/whinub/.rvm/gems/ruby-1.9.3-p286/gems/activesupport-3.2.13/lib/active_support/notifications.rb:125:in `instrument'
/home/whinub/.rvm/gems/ruby-1.9.3-p286/gems/actionpack-3.2.13/lib/action_view/template.rb:143:in `render'
/home/whinub/.rvm/gems/ruby-1.9.3-p286/gems/actionpack-3.2.13/lib/action_view/renderer/partial_renderer.rb:265:in `render_partial'
/home/whinub/.rvm/gems/ruby-1.9.3-p286/gems/actionpack-3.2.13/lib/action_view/renderer/partial_renderer.rb:238:in `block in render'
/home/whinub/.rvm/gems/ruby-1.9.3-p286/gems/actionpack-3.2.13/lib/action_view/renderer/abstract_renderer.rb:38:in `block in instrument'
/home/whinub/.rvm/gems/ruby-1.9.3-p286/gems/activesupport-3.2.13/lib/active_support/notifications.rb:123:in `block in instrument'
/home/whinub/.rvm/gems/ruby-1.9.3-p286/gems/activesupport-3.2.13/lib/active_support/notifications/instrumenter.rb:20:in `instrument'
/home/whinub/.rvm/gems/ruby-1.9.3-p286/gems/activesupport-3.2.13/lib/active_support/notifications.rb:123:in `instrument'
/home/whinub/.rvm/gems/ruby-1.9.3-p286/gems/actionpack-3.2.13/lib/action_view/renderer/abstract_renderer.rb:38:in `instrument'
/home/whinub/.rvm/gems/ruby-1.9.3-p286/gems/actionpack-3.2.13/lib/action_view/renderer/partial_renderer.rb:237:in `render'
/home/whinub/.rvm/gems/ruby-1.9.3-p286/gems/actionpack-3.2.13/lib/action_view/renderer/renderer.rb:41:in `render_partial'
/home/whinub/.rvm/gems/ruby-1.9.3-p286/gems/actionpack-3.2.13/lib/action_view/helpers/rendering_helper.rb:27:in `render'
/home/whinub/website/airgate/app/views/surveys/new.html.erb:3:in `_app_views_surveys_new_html_erb___3917380257212292466_70000854190720'
/home/whinub/.rvm/gems/ruby-1.9.3-p286/gems/actionpack-3.2.13/lib/action_view/template.rb:145:in `block in render'
/home/whinub/.rvm/gems/ruby-1.9.3-p286/gems/activesupport-3.2.13/lib/active_support/notifications.rb:125:in `instrument'
/home/whinub/.rvm/gems/ruby-1.9.3-p286/gems/actionpack-3.2.13/lib/action_view/template.rb:143:in `render'
/home/whinub/.rvm/gems/ruby-1.9.3-p286/gems/actionpack-3.2.13/lib/action_view/renderer/template_renderer.rb:47:in `block (2 levels) in render_template'
/home/whinub/.rvm/gems/ruby-1.9.3-p286/gems/actionpack-3.2.13/lib/action_view/renderer/abstract_renderer.rb:38:in `block in instrument'
/home/whinub/.rvm/gems/ruby-1.9.3-p286/gems/activesupport-3.2.13/lib/active_support/notifications.rb:123:in `block in instrument'
/home/whinub/.rvm/gems/ruby-1.9.3-p286/gems/activesupport-3.2.13/lib/active_support/notifications/instrumenter.rb:20:in `instrument'
/home/whinub/.rvm/gems/ruby-1.9.3-p286/gems/activesupport-3.2.13/lib/active_support/notifications.rb:123:in `instrument'
/home/whinub/.rvm/gems/ruby-1.9.3-p286/gems/actionpack-3.2.13/lib/action_view/renderer/abstract_renderer.rb:38:in `instrument'
/home/whinub/.rvm/gems/ruby-1.9.3-p286/gems/actionpack-3.2.13/lib/action_view/renderer/template_renderer.rb:46:in `block in render_template'
/home/whinub/.rvm/gems/ruby-1.9.3-p286/gems/actionpack-3.2.13/lib/action_view/renderer/template_renderer.rb:54:in `render_with_layout'
/home/whinub/.rvm/gems/ruby-1.9.3-p286/gems/actionpack-3.2.13/lib/action_view/renderer/template_renderer.rb:45:in `render_template'
/home/whinub/.rvm/gems/ruby-1.9.3-p286/gems/actionpack-3.2.13/lib/action_view/renderer/template_renderer.rb:18:in `render'
/home/whinub/.rvm/gems/ruby-1.9.3-p286/gems/actionpack-3.2.13/lib/action_view/renderer/renderer.rb:36:in `render_template'
/home/whinub/.rvm/gems/ruby-1.9.3-p286/gems/actionpack-3.2.13/lib/action_view/renderer/renderer.rb:17:in `render'
/home/whinub/.rvm/gems/ruby-1.9.3-p286/gems/actionpack-3.2.13/lib/abstract_controller/rendering.rb:110:in `_render_template'
/home/whinub/.rvm/gems/ruby-1.9.3-p286/gems/actionpack-3.2.13/lib/action_controller/metal/streaming.rb:225:in `_render_template'
/home/whinub/.rvm/gems/ruby-1.9.3-p286/gems/actionpack-3.2.13/lib/abstract_controller/rendering.rb:103:in `render_to_body'
/home/whinub/.rvm/gems/ruby-1.9.3-p286/gems/actionpack-3.2.13/lib/action_controller/metal/renderers.rb:28:in `render_to_body'
/home/whinub/.rvm/gems/ruby-1.9.3-p286/gems/actionpack-3.2.13/lib/action_controller/metal/compatibility.rb:50:in `render_to_body'
/home/whinub/.rvm/gems/ruby-1.9.3-p286/gems/actionpack-3.2.13/lib/abstract_controller/rendering.rb:88:in `render'
/home/whinub/.rvm/gems/ruby-1.9.3-p286/gems/actionpack-3.2.13/lib/action_controller/metal/rendering.rb:16:in `render'
/home/whinub/.rvm/gems/ruby-1.9.3-p286/gems/actionpack-3.2.13/lib/action_controller/metal/instrumentation.rb:40:in `block (2 levels) in render'
/home/whinub/.rvm/gems/ruby-1.9.3-p286/gems/activesupport-3.2.13/lib/active_support/core_ext/benchmark.rb:5:in `block in ms'
/home/whinub/.rvm/rubies/ruby-1.9.3-p286/lib/ruby/1.9.1/benchmark.rb:295:in `realtime'
/home/whinub/.rvm/gems/ruby-1.9.3-p286/gems/activesupport-3.2.13/lib/active_support/core_ext/benchmark.rb:5:in `ms'
/home/whinub/.rvm/gems/ruby-1.9.3-p286/gems/actionpack-3.2.13/lib/action_controller/metal/instrumentation.rb:40:in `block in render'
/home/whinub/.rvm/gems/ruby-1.9.3-p286/gems/actionpack-3.2.13/lib/action_controller/metal/instrumentation.rb:83:in `cleanup_view_runtime'
/home/whinub/.rvm/gems/ruby-1.9.3-p286/gems/activerecord-3.2.13/lib/active_record/railties/controller_runtime.rb:24:in `cleanup_view_runtime'
/home/whinub/.rvm/gems/ruby-1.9.3-p286/gems/actionpack-3.2.13/lib/action_controller/metal/instrumentation.rb:39:in `render'
/home/whinub/.rvm/gems/ruby-1.9.3-p286/gems/actionpack-3.2.13/lib/action_controller/metal/implicit_render.rb:10:in `default_render'
/home/whinub/.rvm/gems/ruby-1.9.3-p286/gems/actionpack-3.2.13/lib/action_controller/metal/mime_responds.rb:196:in `respond_to'
/home/whinub/website/airgate/app/controllers/surveys_controller.rb:29:in `new'
/home/whinub/.rvm/gems/ruby-1.9.3-p286/gems/actionpack-3.2.13/lib/action_controller/metal/implicit_render.rb:4:in `send_action'
/home/whinub/.rvm/gems/ruby-1.9.3-p286/gems/actionpack-3.2.13/lib/abstract_controller/base.rb:167:in `process_action'
/home/whinub/.rvm/gems/ruby-1.9.3-p286/gems/actionpack-3.2.13/lib/action_controller/metal/rendering.rb:10:in `process_action'
/home/whinub/.rvm/gems/ruby-1.9.3-p286/gems/actionpack-3.2.13/lib/abstract_controller/callbacks.rb:18:in `block in process_action'
/home/whinub/.rvm/gems/ruby-1.9.3-p286/gems/activesupport-3.2.13/lib/active_support/callbacks.rb:414:in `_run__4122212145268813132__process_action__2796573494463604962__callbacks'
/home/whinub/.rvm/gems/ruby-1.9.3-p286/gems/activesupport-3.2.13/lib/active_support/callbacks.rb:405:in `__run_callback'
/home/whinub/.rvm/gems/ruby-1.9.3-p286/gems/activesupport-3.2.13/lib/active_support/callbacks.rb:385:in `_run_process_action_callbacks'
/home/whinub/.rvm/gems/ruby-1.9.3-p286/gems/activesupport-3.2.13/lib/active_support/callbacks.rb:81:in `run_callbacks'
/home/whinub/.rvm/gems/ruby-1.9.3-p286/gems/actionpack-3.2.13/lib/abstract_controller/callbacks.rb:17:in `process_action'
/home/whinub/.rvm/gems/ruby-1.9.3-p286/gems/actionpack-3.2.13/lib/action_controller/metal/rescue.rb:29:in `process_action'
/home/whinub/.rvm/gems/ruby-1.9.3-p286/gems/actionpack-3.2.13/lib/action_controller/metal/instrumentation.rb:30:in `block in process_action'
/home/whinub/.rvm/gems/ruby-1.9.3-p286/gems/activesupport-3.2.13/lib/active_support/notifications.rb:123:in `block in instrument'
/home/whinub/.rvm/gems/ruby-1.9.3-p286/gems/activesupport-3.2.13/lib/active_support/notifications/instrumenter.rb:20:in `instrument'
/home/whinub/.rvm/gems/ruby-1.9.3-p286/gems/activesupport-3.2.13/lib/active_support/notifications.rb:123:in `instrument'
/home/whinub/.rvm/gems/ruby-1.9.3-p286/gems/actionpack-3.2.13/lib/action_controller/metal/instrumentation.rb:29:in `process_action'
/home/whinub/.rvm/gems/ruby-1.9.3-p286/gems/actionpack-3.2.13/lib/action_controller/metal/params_wrapper.rb:207:in `process_action'
/home/whinub/.rvm/gems/ruby-1.9.3-p286/gems/activerecord-3.2.13/lib/active_record/railties/controller_runtime.rb:18:in `process_action'
/home/whinub/.rvm/gems/ruby-1.9.3-p286/gems/actionpack-3.2.13/lib/abstract_controller/base.rb:121:in `process'
/home/whinub/.rvm/gems/ruby-1.9.3-p286/gems/actionpack-3.2.13/lib/abstract_controller/rendering.rb:45:in `process'
/home/whinub/.rvm/gems/ruby-1.9.3-p286/gems/actionpack-3.2.13/lib/action_controller/metal.rb:203:in `dispatch'
/home/whinub/.rvm/gems/ruby-1.9.3-p286/gems/actionpack-3.2.13/lib/action_controller/metal/rack_delegation.rb:14:in `dispatch'
/home/whinub/.rvm/gems/ruby-1.9.3-p286/gems/actionpack-3.2.13/lib/action_controller/metal.rb:246:in `block in action'
/home/whinub/.rvm/gems/ruby-1.9.3-p286/gems/actionpack-3.2.13/lib/action_dispatch/routing/route_set.rb:73:in `call'
/home/whinub/.rvm/gems/ruby-1.9.3-p286/gems/actionpack-3.2.13/lib/action_dispatch/routing/route_set.rb:73:in `dispatch'
/home/whinub/.rvm/gems/ruby-1.9.3-p286/gems/actionpack-3.2.13/lib/action_dispatch/routing/route_set.rb:36:in `call'
/home/whinub/.rvm/gems/ruby-1.9.3-p286/gems/journey-1.0.4/lib/journey/router.rb:68:in `block in call'
/home/whinub/.rvm/gems/ruby-1.9.3-p286/gems/journey-1.0.4/lib/journey/router.rb:56:in `each'
/home/whinub/.rvm/gems/ruby-1.9.3-p286/gems/journey-1.0.4/lib/journey/router.rb:56:in `call'
/home/whinub/.rvm/gems/ruby-1.9.3-p286/gems/actionpack-3.2.13/lib/action_dispatch/routing/route_set.rb:612:in `call'
/home/whinub/.rvm/gems/ruby-1.9.3-p286/gems/actionpack-3.2.13/lib/action_dispatch/middleware/best_standards_support.rb:17:in `call'
/home/whinub/.rvm/gems/ruby-1.9.3-p286/gems/rack-1.4.5/lib/rack/etag.rb:23:in `call'
/home/whinub/.rvm/gems/ruby-1.9.3-p286/gems/rack-1.4.5/lib/rack/conditionalget.rb:25:in `call'
/home/whinub/.rvm/gems/ruby-1.9.3-p286/gems/actionpack-3.2.13/lib/action_dispatch/middleware/head.rb:14:in `call'
/home/whinub/.rvm/gems/ruby-1.9.3-p286/gems/actionpack-3.2.13/lib/action_dispatch/middleware/params_parser.rb:21:in `call'
/home/whinub/.rvm/gems/ruby-1.9.3-p286/gems/actionpack-3.2.13/lib/action_dispatch/middleware/flash.rb:242:in `call'
/home/whinub/.rvm/gems/ruby-1.9.3-p286/gems/rack-1.4.5/lib/rack/session/abstract/id.rb:210:in `context'
/home/whinub/.rvm/gems/ruby-1.9.3-p286/gems/rack-1.4.5/lib/rack/session/abstract/id.rb:205:in `call'
/home/whinub/.rvm/gems/ruby-1.9.3-p286/gems/actionpack-3.2.13/lib/action_dispatch/middleware/cookies.rb:341:in `call'
/home/whinub/.rvm/gems/ruby-1.9.3-p286/gems/activerecord-3.2.13/lib/active_record/query_cache.rb:64:in `call'
/home/whinub/.rvm/gems/ruby-1.9.3-p286/gems/activerecord-3.2.13/lib/active_record/connection_adapters/abstract/connection_pool.rb:479:in `call'
/home/whinub/.rvm/gems/ruby-1.9.3-p286/gems/actionpack-3.2.13/lib/action_dispatch/middleware/callbacks.rb:28:in `block in call'
/home/whinub/.rvm/gems/ruby-1.9.3-p286/gems/activesupport-3.2.13/lib/active_support/callbacks.rb:405:in `_run__2198903740679155684__call__1729327292704992416__callbacks'
/home/whinub/.rvm/gems/ruby-1.9.3-p286/gems/activesupport-3.2.13/lib/active_support/callbacks.rb:405:in `__run_callback'
/home/whinub/.rvm/gems/ruby-1.9.3-p286/gems/activesupport-3.2.13/lib/active_support/callbacks.rb:385:in `_run_call_callbacks'
/home/whinub/.rvm/gems/ruby-1.9.3-p286/gems/activesupport-3.2.13/lib/active_support/callbacks.rb:81:in `run_callbacks'
/home/whinub/.rvm/gems/ruby-1.9.3-p286/gems/actionpack-3.2.13/lib/action_dispatch/middleware/callbacks.rb:27:in `call'
/home/whinub/.rvm/gems/ruby-1.9.3-p286/gems/actionpack-3.2.13/lib/action_dispatch/middleware/reloader.rb:65:in `call'
/home/whinub/.rvm/gems/ruby-1.9.3-p286/gems/actionpack-3.2.13/lib/action_dispatch/middleware/remote_ip.rb:31:in `call'
/home/whinub/.rvm/gems/ruby-1.9.3-p286/gems/actionpack-3.2.13/lib/action_dispatch/middleware/debug_exceptions.rb:16:in `call'
/home/whinub/.rvm/gems/ruby-1.9.3-p286/gems/actionpack-3.2.13/lib/action_dispatch/middleware/show_exceptions.rb:56:in `call'
/home/whinub/.rvm/gems/ruby-1.9.3-p286/gems/railties-3.2.13/lib/rails/rack/logger.rb:32:in `call_app'
/home/whinub/.rvm/gems/ruby-1.9.3-p286/gems/railties-3.2.13/lib/rails/rack/logger.rb:16:in `block in call'
/home/whinub/.rvm/gems/ruby-1.9.3-p286/gems/activesupport-3.2.13/lib/active_support/tagged_logging.rb:22:in `tagged'
/home/whinub/.rvm/gems/ruby-1.9.3-p286/gems/railties-3.2.13/lib/rails/rack/logger.rb:16:in `call'
/home/whinub/.rvm/gems/ruby-1.9.3-p286/gems/actionpack-3.2.13/lib/action_dispatch/middleware/request_id.rb:22:in `call'
/home/whinub/.rvm/gems/ruby-1.9.3-p286/gems/rack-1.4.5/lib/rack/methodoverride.rb:21:in `call'
/home/whinub/.rvm/gems/ruby-1.9.3-p286/gems/rack-1.4.5/lib/rack/runtime.rb:17:in `call'
/home/whinub/.rvm/gems/ruby-1.9.3-p286/gems/activesupport-3.2.13/lib/active_support/cache/strategy/local_cache.rb:72:in `call'
/home/whinub/.rvm/gems/ruby-1.9.3-p286/gems/rack-1.4.5/lib/rack/lock.rb:15:in `call'
/home/whinub/.rvm/gems/ruby-1.9.3-p286/gems/actionpack-3.2.13/lib/action_dispatch/middleware/static.rb:63:in `call'
/home/whinub/.rvm/gems/ruby-1.9.3-p286/gems/railties-3.2.13/lib/rails/engine.rb:479:in `call'
/home/whinub/.rvm/gems/ruby-1.9.3-p286/gems/railties-3.2.13/lib/rails/application.rb:223:in `call'
/home/whinub/.rvm/gems/ruby-1.9.3-p286/gems/rack-1.4.5/lib/rack/content_length.rb:14:in `call'
/home/whinub/.rvm/gems/ruby-1.9.3-p286/gems/railties-3.2.13/lib/rails/rack/log_tailer.rb:17:in `call'
/home/whinub/.rvm/gems/ruby-1.9.3-p286/gems/rack-1.4.5/lib/rack/handler/webrick.rb:59:in `service'
/home/whinub/.rvm/rubies/ruby-1.9.3-p286/lib/ruby/1.9.1/webrick/httpserver.rb:138:in `service'
/home/whinub/.rvm/rubies/ruby-1.9.3-p286/lib/ruby/1.9.1/webrick/httpserver.rb:94:in `run'
/home/whinub/.rvm/rubies/ruby-1.9.3-p286/lib/ruby/1.9.1/webrick/server.rb:191:in `block in start_thread'
  Rendered surveys/_form.html.erb (4.2ms)
  Rendered surveys/new.html.erb within layouts/application (6.0ms)
Completed 500 Internal Server Error in 11ms

ActionView::Template::Error (/home/whinub/website/airgate/app/views/surveys/_form.html.erb:29: syntax error, unexpected keyword_ensure, expecting keyword_end
/home/whinub/website/airgate/app/views/surveys/_form.html.erb:31: syntax error, unexpected $end, expecting keyword_end):
    26:   </div>
    27: <% end %>
  app/views/surveys/new.html.erb:3:in `_app_views_surveys_new_html_erb___3917380257212292466_70000854190720'
  app/controllers/surveys_controller.rb:29:in `new'


  Rendered /home/whinub/.rvm/gems/ruby-1.9.3-p286/gems/actionpack-3.2.13/lib/action_dispatch/middleware/templates/rescues/_trace.erb (2.1ms)
  Rendered /home/whinub/.rvm/gems/ruby-1.9.3-p286/gems/actionpack-3.2.13/lib/action_dispatch/middleware/templates/rescues/_request_and_response.erb (1.3ms)
  Rendered /home/whinub/.rvm/gems/ruby-1.9.3-p286/gems/actionpack-3.2.13/lib/action_dispatch/middleware/templates/rescues/template_error.erb within rescues/layout (11.8ms)


Started GET "/surveys/new" for 127.0.0.1 at 2013-04-08 02:49:33 -0400
Processing by SurveysController#new as HTML
ERROR: compiling _app_views_surveys__form_html_erb__2187956964800962872_70000988320280 RAISED /home/whinub/website/airgate/app/views/surveys/_form.html.erb:29: syntax error, unexpected keyword_ensure, expecting keyword_end
/home/whinub/website/airgate/app/views/surveys/_form.html.erb:31: syntax error, unexpected $end, expecting keyword_end
Function body:           def _app_views_surveys__form_html_erb__2187956964800962872_70000988320280(local_assigns, output_buffer)
            _old_virtual_path, @virtual_path = @virtual_path, "surveys/_form";_old_output_buffer = @output_buffer;form = local_assigns[:form];;@output_buffer = output_buffer || ActionView::OutputBuffer.new;@output_buffer.append=  form_for(@survey) do |f| @output_buffer.safe_concat('
');   if @survey.errors.any? 
@output_buffer.safe_concat('    <div id="error_explanation">
      <h2>');@output_buffer.append= ( pluralize(@survey.errors.count, "error") );@output_buffer.safe_concat(' prohibited this survey from being saved:</h2>

      <ul>
');       @survey.errors.full_messages.each do |msg| 
@output_buffer.safe_concat('        <li>');@output_buffer.append= ( msg );@output_buffer.safe_concat('</li>
');       end 
@output_buffer.safe_concat('      </ul>
    </div>
');   end 
@output_buffer.safe_concat('
  <p>
    ');@output_buffer.append= ( f.label :name );@output_buffer.safe_concat('<br />
    ');@output_buffer.append= ( f.text_field :name );@output_buffer.safe_concat('
');@output_buffer.safe_concat('  </p>
');   f.fields_for :questions do |builder| 
@output_buffer.safe_concat('  <p>
    ');@output_buffer.append= ( builder.label :content, "Question" );@output_buffer.safe_concat('<br />
    ');@output_buffer.append= ( builder.text_area :content, :rows => 3 );@output_buffer.safe_concat('
');@output_buffer.safe_concat('  </p>

  <div class="actions">
    ');@output_buffer.append= ( f.submit );@output_buffer.safe_concat('
');@output_buffer.safe_concat('  </div>
'); end 
@output_buffer.to_s
          ensure
            @virtual_path, @output_buffer = _old_virtual_path, _old_output_buffer
          end

Backtrace: /home/whinub/.rvm/gems/ruby-1.9.3-p286/gems/actionpack-3.2.13/lib/action_view/template.rb:297:in `module_eval'
/home/whinub/.rvm/gems/ruby-1.9.3-p286/gems/actionpack-3.2.13/lib/action_view/template.rb:297:in `compile'
/home/whinub/.rvm/gems/ruby-1.9.3-p286/gems/actionpack-3.2.13/lib/action_view/template.rb:244:in `block in compile!'
<internal:prelude>:10:in `synchronize'
/home/whinub/.rvm/gems/ruby-1.9.3-p286/gems/actionpack-3.2.13/lib/action_view/template.rb:232:in `compile!'
/home/whinub/.rvm/gems/ruby-1.9.3-p286/gems/actionpack-3.2.13/lib/action_view/template.rb:144:in `block in render'
/home/whinub/.rvm/gems/ruby-1.9.3-p286/gems/activesupport-3.2.13/lib/active_support/notifications.rb:125:in `instrument'
/home/whinub/.rvm/gems/ruby-1.9.3-p286/gems/actionpack-3.2.13/lib/action_view/template.rb:143:in `render'
/home/whinub/.rvm/gems/ruby-1.9.3-p286/gems/actionpack-3.2.13/lib/action_view/renderer/partial_renderer.rb:265:in `render_partial'
/home/whinub/.rvm/gems/ruby-1.9.3-p286/gems/actionpack-3.2.13/lib/action_view/renderer/partial_renderer.rb:238:in `block in render'
/home/whinub/.rvm/gems/ruby-1.9.3-p286/gems/actionpack-3.2.13/lib/action_view/renderer/abstract_renderer.rb:38:in `block in instrument'
/home/whinub/.rvm/gems/ruby-1.9.3-p286/gems/activesupport-3.2.13/lib/active_support/notifications.rb:123:in `block in instrument'
/home/whinub/.rvm/gems/ruby-1.9.3-p286/gems/activesupport-3.2.13/lib/active_support/notifications/instrumenter.rb:20:in `instrument'
/home/whinub/.rvm/gems/ruby-1.9.3-p286/gems/activesupport-3.2.13/lib/active_support/notifications.rb:123:in `instrument'
/home/whinub/.rvm/gems/ruby-1.9.3-p286/gems/actionpack-3.2.13/lib/action_view/renderer/abstract_renderer.rb:38:in `instrument'
/home/whinub/.rvm/gems/ruby-1.9.3-p286/gems/actionpack-3.2.13/lib/action_view/renderer/partial_renderer.rb:237:in `render'
/home/whinub/.rvm/gems/ruby-1.9.3-p286/gems/actionpack-3.2.13/lib/action_view/renderer/renderer.rb:41:in `render_partial'
/home/whinub/.rvm/gems/ruby-1.9.3-p286/gems/actionpack-3.2.13/lib/action_view/helpers/rendering_helper.rb:27:in `render'
/home/whinub/website/airgate/app/views/surveys/new.html.erb:3:in `_app_views_surveys_new_html_erb___3917380257212292466_70000854190720'
/home/whinub/.rvm/gems/ruby-1.9.3-p286/gems/actionpack-3.2.13/lib/action_view/template.rb:145:in `block in render'
/home/whinub/.rvm/gems/ruby-1.9.3-p286/gems/activesupport-3.2.13/lib/active_support/notifications.rb:125:in `instrument'
/home/whinub/.rvm/gems/ruby-1.9.3-p286/gems/actionpack-3.2.13/lib/action_view/template.rb:143:in `render'
/home/whinub/.rvm/gems/ruby-1.9.3-p286/gems/actionpack-3.2.13/lib/action_view/renderer/template_renderer.rb:47:in `block (2 levels) in render_template'
/home/whinub/.rvm/gems/ruby-1.9.3-p286/gems/actionpack-3.2.13/lib/action_view/renderer/abstract_renderer.rb:38:in `block in instrument'
/home/whinub/.rvm/gems/ruby-1.9.3-p286/gems/activesupport-3.2.13/lib/active_support/notifications.rb:123:in `block in instrument'
/home/whinub/.rvm/gems/ruby-1.9.3-p286/gems/activesupport-3.2.13/lib/active_support/notifications/instrumenter.rb:20:in `instrument'
/home/whinub/.rvm/gems/ruby-1.9.3-p286/gems/activesupport-3.2.13/lib/active_support/notifications.rb:123:in `instrument'
/home/whinub/.rvm/gems/ruby-1.9.3-p286/gems/actionpack-3.2.13/lib/action_view/renderer/abstract_renderer.rb:38:in `instrument'
/home/whinub/.rvm/gems/ruby-1.9.3-p286/gems/actionpack-3.2.13/lib/action_view/renderer/template_renderer.rb:46:in `block in render_template'
/home/whinub/.rvm/gems/ruby-1.9.3-p286/gems/actionpack-3.2.13/lib/action_view/renderer/template_renderer.rb:54:in `render_with_layout'
/home/whinub/.rvm/gems/ruby-1.9.3-p286/gems/actionpack-3.2.13/lib/action_view/renderer/template_renderer.rb:45:in `render_template'
/home/whinub/.rvm/gems/ruby-1.9.3-p286/gems/actionpack-3.2.13/lib/action_view/renderer/template_renderer.rb:18:in `render'
/home/whinub/.rvm/gems/ruby-1.9.3-p286/gems/actionpack-3.2.13/lib/action_view/renderer/renderer.rb:36:in `render_template'
/home/whinub/.rvm/gems/ruby-1.9.3-p286/gems/actionpack-3.2.13/lib/action_view/renderer/renderer.rb:17:in `render'
/home/whinub/.rvm/gems/ruby-1.9.3-p286/gems/actionpack-3.2.13/lib/abstract_controller/rendering.rb:110:in `_render_template'
/home/whinub/.rvm/gems/ruby-1.9.3-p286/gems/actionpack-3.2.13/lib/action_controller/metal/streaming.rb:225:in `_render_template'
/home/whinub/.rvm/gems/ruby-1.9.3-p286/gems/actionpack-3.2.13/lib/abstract_controller/rendering.rb:103:in `render_to_body'
/home/whinub/.rvm/gems/ruby-1.9.3-p286/gems/actionpack-3.2.13/lib/action_controller/metal/renderers.rb:28:in `render_to_body'
/home/whinub/.rvm/gems/ruby-1.9.3-p286/gems/actionpack-3.2.13/lib/action_controller/metal/compatibility.rb:50:in `render_to_body'
/home/whinub/.rvm/gems/ruby-1.9.3-p286/gems/actionpack-3.2.13/lib/abstract_controller/rendering.rb:88:in `render'
/home/whinub/.rvm/gems/ruby-1.9.3-p286/gems/actionpack-3.2.13/lib/action_controller/metal/rendering.rb:16:in `render'
/home/whinub/.rvm/gems/ruby-1.9.3-p286/gems/actionpack-3.2.13/lib/action_controller/metal/instrumentation.rb:40:in `block (2 levels) in render'
/home/whinub/.rvm/gems/ruby-1.9.3-p286/gems/activesupport-3.2.13/lib/active_support/core_ext/benchmark.rb:5:in `block in ms'
/home/whinub/.rvm/rubies/ruby-1.9.3-p286/lib/ruby/1.9.1/benchmark.rb:295:in `realtime'
/home/whinub/.rvm/gems/ruby-1.9.3-p286/gems/activesupport-3.2.13/lib/active_support/core_ext/benchmark.rb:5:in `ms'
/home/whinub/.rvm/gems/ruby-1.9.3-p286/gems/actionpack-3.2.13/lib/action_controller/metal/instrumentation.rb:40:in `block in render'
/home/whinub/.rvm/gems/ruby-1.9.3-p286/gems/actionpack-3.2.13/lib/action_controller/metal/instrumentation.rb:83:in `cleanup_view_runtime'
/home/whinub/.rvm/gems/ruby-1.9.3-p286/gems/activerecord-3.2.13/lib/active_record/railties/controller_runtime.rb:24:in `cleanup_view_runtime'
/home/whinub/.rvm/gems/ruby-1.9.3-p286/gems/actionpack-3.2.13/lib/action_controller/metal/instrumentation.rb:39:in `render'
/home/whinub/.rvm/gems/ruby-1.9.3-p286/gems/actionpack-3.2.13/lib/action_controller/metal/implicit_render.rb:10:in `default_render'
/home/whinub/.rvm/gems/ruby-1.9.3-p286/gems/actionpack-3.2.13/lib/action_controller/metal/mime_responds.rb:196:in `respond_to'
/home/whinub/website/airgate/app/controllers/surveys_controller.rb:29:in `new'
/home/whinub/.rvm/gems/ruby-1.9.3-p286/gems/actionpack-3.2.13/lib/action_controller/metal/implicit_render.rb:4:in `send_action'
/home/whinub/.rvm/gems/ruby-1.9.3-p286/gems/actionpack-3.2.13/lib/abstract_controller/base.rb:167:in `process_action'
/home/whinub/.rvm/gems/ruby-1.9.3-p286/gems/actionpack-3.2.13/lib/action_controller/metal/rendering.rb:10:in `process_action'
/home/whinub/.rvm/gems/ruby-1.9.3-p286/gems/actionpack-3.2.13/lib/abstract_controller/callbacks.rb:18:in `block in process_action'
/home/whinub/.rvm/gems/ruby-1.9.3-p286/gems/activesupport-3.2.13/lib/active_support/callbacks.rb:414:in `_run__4122212145268813132__process_action__2796573494463604962__callbacks'
/home/whinub/.rvm/gems/ruby-1.9.3-p286/gems/activesupport-3.2.13/lib/active_support/callbacks.rb:405:in `__run_callback'
/home/whinub/.rvm/gems/ruby-1.9.3-p286/gems/activesupport-3.2.13/lib/active_support/callbacks.rb:385:in `_run_process_action_callbacks'
/home/whinub/.rvm/gems/ruby-1.9.3-p286/gems/activesupport-3.2.13/lib/active_support/callbacks.rb:81:in `run_callbacks'
/home/whinub/.rvm/gems/ruby-1.9.3-p286/gems/actionpack-3.2.13/lib/abstract_controller/callbacks.rb:17:in `process_action'
/home/whinub/.rvm/gems/ruby-1.9.3-p286/gems/actionpack-3.2.13/lib/action_controller/metal/rescue.rb:29:in `process_action'
/home/whinub/.rvm/gems/ruby-1.9.3-p286/gems/actionpack-3.2.13/lib/action_controller/metal/instrumentation.rb:30:in `block in process_action'
/home/whinub/.rvm/gems/ruby-1.9.3-p286/gems/activesupport-3.2.13/lib/active_support/notifications.rb:123:in `block in instrument'
/home/whinub/.rvm/gems/ruby-1.9.3-p286/gems/activesupport-3.2.13/lib/active_support/notifications/instrumenter.rb:20:in `instrument'
/home/whinub/.rvm/gems/ruby-1.9.3-p286/gems/activesupport-3.2.13/lib/active_support/notifications.rb:123:in `instrument'
/home/whinub/.rvm/gems/ruby-1.9.3-p286/gems/actionpack-3.2.13/lib/action_controller/metal/instrumentation.rb:29:in `process_action'
/home/whinub/.rvm/gems/ruby-1.9.3-p286/gems/actionpack-3.2.13/lib/action_controller/metal/params_wrapper.rb:207:in `process_action'
/home/whinub/.rvm/gems/ruby-1.9.3-p286/gems/activerecord-3.2.13/lib/active_record/railties/controller_runtime.rb:18:in `process_action'
/home/whinub/.rvm/gems/ruby-1.9.3-p286/gems/actionpack-3.2.13/lib/abstract_controller/base.rb:121:in `process'
/home/whinub/.rvm/gems/ruby-1.9.3-p286/gems/actionpack-3.2.13/lib/abstract_controller/rendering.rb:45:in `process'
/home/whinub/.rvm/gems/ruby-1.9.3-p286/gems/actionpack-3.2.13/lib/action_controller/metal.rb:203:in `dispatch'
/home/whinub/.rvm/gems/ruby-1.9.3-p286/gems/actionpack-3.2.13/lib/action_controller/metal/rack_delegation.rb:14:in `dispatch'
/home/whinub/.rvm/gems/ruby-1.9.3-p286/gems/actionpack-3.2.13/lib/action_controller/metal.rb:246:in `block in action'
/home/whinub/.rvm/gems/ruby-1.9.3-p286/gems/actionpack-3.2.13/lib/action_dispatch/routing/route_set.rb:73:in `call'
/home/whinub/.rvm/gems/ruby-1.9.3-p286/gems/actionpack-3.2.13/lib/action_dispatch/routing/route_set.rb:73:in `dispatch'
/home/whinub/.rvm/gems/ruby-1.9.3-p286/gems/actionpack-3.2.13/lib/action_dispatch/routing/route_set.rb:36:in `call'
/home/whinub/.rvm/gems/ruby-1.9.3-p286/gems/journey-1.0.4/lib/journey/router.rb:68:in `block in call'
/home/whinub/.rvm/gems/ruby-1.9.3-p286/gems/journey-1.0.4/lib/journey/router.rb:56:in `each'
/home/whinub/.rvm/gems/ruby-1.9.3-p286/gems/journey-1.0.4/lib/journey/router.rb:56:in `call'
/home/whinub/.rvm/gems/ruby-1.9.3-p286/gems/actionpack-3.2.13/lib/action_dispatch/routing/route_set.rb:612:in `call'
/home/whinub/.rvm/gems/ruby-1.9.3-p286/gems/actionpack-3.2.13/lib/action_dispatch/middleware/best_standards_support.rb:17:in `call'
/home/whinub/.rvm/gems/ruby-1.9.3-p286/gems/rack-1.4.5/lib/rack/etag.rb:23:in `call'
/home/whinub/.rvm/gems/ruby-1.9.3-p286/gems/rack-1.4.5/lib/rack/conditionalget.rb:25:in `call'
/home/whinub/.rvm/gems/ruby-1.9.3-p286/gems/actionpack-3.2.13/lib/action_dispatch/middleware/head.rb:14:in `call'
/home/whinub/.rvm/gems/ruby-1.9.3-p286/gems/actionpack-3.2.13/lib/action_dispatch/middleware/params_parser.rb:21:in `call'
/home/whinub/.rvm/gems/ruby-1.9.3-p286/gems/actionpack-3.2.13/lib/action_dispatch/middleware/flash.rb:242:in `call'
/home/whinub/.rvm/gems/ruby-1.9.3-p286/gems/rack-1.4.5/lib/rack/session/abstract/id.rb:210:in `context'
/home/whinub/.rvm/gems/ruby-1.9.3-p286/gems/rack-1.4.5/lib/rack/session/abstract/id.rb:205:in `call'
/home/whinub/.rvm/gems/ruby-1.9.3-p286/gems/actionpack-3.2.13/lib/action_dispatch/middleware/cookies.rb:341:in `call'
/home/whinub/.rvm/gems/ruby-1.9.3-p286/gems/activerecord-3.2.13/lib/active_record/query_cache.rb:64:in `call'
/home/whinub/.rvm/gems/ruby-1.9.3-p286/gems/activerecord-3.2.13/lib/active_record/connection_adapters/abstract/connection_pool.rb:479:in `call'
/home/whinub/.rvm/gems/ruby-1.9.3-p286/gems/actionpack-3.2.13/lib/action_dispatch/middleware/callbacks.rb:28:in `block in call'
/home/whinub/.rvm/gems/ruby-1.9.3-p286/gems/activesupport-3.2.13/lib/active_support/callbacks.rb:405:in `_run__2198903740679155684__call__1729327292704992416__callbacks'
/home/whinub/.rvm/gems/ruby-1.9.3-p286/gems/activesupport-3.2.13/lib/active_support/callbacks.rb:405:in `__run_callback'
/home/whinub/.rvm/gems/ruby-1.9.3-p286/gems/activesupport-3.2.13/lib/active_support/callbacks.rb:385:in `_run_call_callbacks'
/home/whinub/.rvm/gems/ruby-1.9.3-p286/gems/activesupport-3.2.13/lib/active_support/callbacks.rb:81:in `run_callbacks'
/home/whinub/.rvm/gems/ruby-1.9.3-p286/gems/actionpack-3.2.13/lib/action_dispatch/middleware/callbacks.rb:27:in `call'
/home/whinub/.rvm/gems/ruby-1.9.3-p286/gems/actionpack-3.2.13/lib/action_dispatch/middleware/reloader.rb:65:in `call'
/home/whinub/.rvm/gems/ruby-1.9.3-p286/gems/actionpack-3.2.13/lib/action_dispatch/middleware/remote_ip.rb:31:in `call'
/home/whinub/.rvm/gems/ruby-1.9.3-p286/gems/actionpack-3.2.13/lib/action_dispatch/middleware/debug_exceptions.rb:16:in `call'
/home/whinub/.rvm/gems/ruby-1.9.3-p286/gems/actionpack-3.2.13/lib/action_dispatch/middleware/show_exceptions.rb:56:in `call'
/home/whinub/.rvm/gems/ruby-1.9.3-p286/gems/railties-3.2.13/lib/rails/rack/logger.rb:32:in `call_app'
/home/whinub/.rvm/gems/ruby-1.9.3-p286/gems/railties-3.2.13/lib/rails/rack/logger.rb:16:in `block in call'
/home/whinub/.rvm/gems/ruby-1.9.3-p286/gems/activesupport-3.2.13/lib/active_support/tagged_logging.rb:22:in `tagged'
/home/whinub/.rvm/gems/ruby-1.9.3-p286/gems/railties-3.2.13/lib/rails/rack/logger.rb:16:in `call'
/home/whinub/.rvm/gems/ruby-1.9.3-p286/gems/actionpack-3.2.13/lib/action_dispatch/middleware/request_id.rb:22:in `call'
/home/whinub/.rvm/gems/ruby-1.9.3-p286/gems/rack-1.4.5/lib/rack/methodoverride.rb:21:in `call'
/home/whinub/.rvm/gems/ruby-1.9.3-p286/gems/rack-1.4.5/lib/rack/runtime.rb:17:in `call'
/home/whinub/.rvm/gems/ruby-1.9.3-p286/gems/activesupport-3.2.13/lib/active_support/cache/strategy/local_cache.rb:72:in `call'
/home/whinub/.rvm/gems/ruby-1.9.3-p286/gems/rack-1.4.5/lib/rack/lock.rb:15:in `call'
/home/whinub/.rvm/gems/ruby-1.9.3-p286/gems/actionpack-3.2.13/lib/action_dispatch/middleware/static.rb:63:in `call'
/home/whinub/.rvm/gems/ruby-1.9.3-p286/gems/railties-3.2.13/lib/rails/engine.rb:479:in `call'
/home/whinub/.rvm/gems/ruby-1.9.3-p286/gems/railties-3.2.13/lib/rails/application.rb:223:in `call'
/home/whinub/.rvm/gems/ruby-1.9.3-p286/gems/rack-1.4.5/lib/rack/content_length.rb:14:in `call'
/home/whinub/.rvm/gems/ruby-1.9.3-p286/gems/railties-3.2.13/lib/rails/rack/log_tailer.rb:17:in `call'
/home/whinub/.rvm/gems/ruby-1.9.3-p286/gems/rack-1.4.5/lib/rack/handler/webrick.rb:59:in `service'
/home/whinub/.rvm/rubies/ruby-1.9.3-p286/lib/ruby/1.9.1/webrick/httpserver.rb:138:in `service'
/home/whinub/.rvm/rubies/ruby-1.9.3-p286/lib/ruby/1.9.1/webrick/httpserver.rb:94:in `run'
/home/whinub/.rvm/rubies/ruby-1.9.3-p286/lib/ruby/1.9.1/webrick/server.rb:191:in `block in start_thread'
  Rendered surveys/_form.html.erb (1.4ms)
  Rendered surveys/new.html.erb within layouts/application (2.2ms)
Completed 500 Internal Server Error in 5ms

ActionView::Template::Error (/home/whinub/website/airgate/app/views/surveys/_form.html.erb:29: syntax error, unexpected keyword_ensure, expecting keyword_end
/home/whinub/website/airgate/app/views/surveys/_form.html.erb:31: syntax error, unexpected $end, expecting keyword_end):
    26:   </div>
    27: <% end %>
  app/views/surveys/new.html.erb:3:in `_app_views_surveys_new_html_erb___3917380257212292466_70000854190720'
  app/controllers/surveys_controller.rb:29:in `new'


  Rendered /home/whinub/.rvm/gems/ruby-1.9.3-p286/gems/actionpack-3.2.13/lib/action_dispatch/middleware/templates/rescues/_trace.erb (2.1ms)
  Rendered /home/whinub/.rvm/gems/ruby-1.9.3-p286/gems/actionpack-3.2.13/lib/action_dispatch/middleware/templates/rescues/_request_and_response.erb (1.4ms)
  Rendered /home/whinub/.rvm/gems/ruby-1.9.3-p286/gems/actionpack-3.2.13/lib/action_dispatch/middleware/templates/rescues/template_error.erb within rescues/layout (12.5ms)


Started GET "/surveys/new" for 127.0.0.1 at 2013-04-08 02:50:38 -0400
Processing by SurveysController#new as HTML
  Rendered surveys/_form.html.erb (5.1ms)
  Rendered surveys/new.html.erb within layouts/application (6.3ms)
Completed 200 OK in 62ms (Views: 61.1ms | ActiveRecord: 0.0ms)


Started GET "/assets/application.css?body=1" for 127.0.0.1 at 2013-04-08 02:50:38 -0400
Served asset /application.css - 304 Not Modified (15ms)


Started GET "/assets/surveys.js?body=1" for 127.0.0.1 at 2013-04-08 02:50:39 -0400
Served asset /surveys.js - 304 Not Modified (0ms)


Started GET "/assets/surveys.css?body=1" for 127.0.0.1 at 2013-04-08 02:50:39 -0400
Served asset /surveys.css - 304 Not Modified (0ms)


Started GET "/assets/jquery.js?body=1" for 127.0.0.1 at 2013-04-08 02:50:39 -0400
Served asset /jquery.js - 304 Not Modified (0ms)


Started GET "/assets/jquery_ujs.js?body=1" for 127.0.0.1 at 2013-04-08 02:50:39 -0400
Served asset /jquery_ujs.js - 304 Not Modified (0ms)


Started GET "/assets/application.js?body=1" for 127.0.0.1 at 2013-04-08 02:50:39 -0400
Served asset /application.js - 304 Not Modified (2ms)


Started POST "/surveys" for 127.0.0.1 at 2013-04-08 02:50:47 -0400
Processing by SurveysController#create as HTML
  Parameters: {"utf8"=>"âœ“", "authenticity_token"=>"0VqcHF3HhA4V5k5hQjzo1VkGVIZhmQnd42E2VpDXdm4=", "survey"=>{"name"=>"Starbucks Test1"}, "commit"=>"Create Survey"}
  [1m[35m (0.2ms)[0m  begin transaction
  [1m[36mSQL (67.0ms)[0m  [1mINSERT INTO "surveys" ("created_at", "name", "updated_at") VALUES (?, ?, ?)[0m  [["created_at", Mon, 08 Apr 2013 06:50:47 UTC +00:00], ["name", "Starbucks Test1"], ["updated_at", Mon, 08 Apr 2013 06:50:47 UTC +00:00]]
  [1m[35m (140.1ms)[0m  commit transaction
Redirected to http://localhost:3000/surveys/1
Completed 302 Found in 219ms (ActiveRecord: 207.2ms)


Started GET "/surveys/1" for 127.0.0.1 at 2013-04-08 02:50:47 -0400
Processing by SurveysController#show as HTML
  Parameters: {"id"=>"1"}
  [1m[36mSurvey Load (0.4ms)[0m  [1mSELECT "surveys".* FROM "surveys" WHERE "surveys"."id" = ? LIMIT 1[0m  [["id", "1"]]
  Rendered surveys/show.html.erb within layouts/application (1.7ms)
Completed 200 OK in 29ms (Views: 23.6ms | ActiveRecord: 0.4ms)


Started GET "/assets/application.css?body=1" for 127.0.0.1 at 2013-04-08 02:50:47 -0400
Served asset /application.css - 304 Not Modified (8ms)


Started GET "/assets/surveys.css?body=1" for 127.0.0.1 at 2013-04-08 02:50:47 -0400
Served asset /surveys.css - 304 Not Modified (0ms)


Started GET "/assets/jquery.js?body=1" for 127.0.0.1 at 2013-04-08 02:50:47 -0400
Served asset /jquery.js - 304 Not Modified (2ms)


Started GET "/assets/jquery_ujs.js?body=1" for 127.0.0.1 at 2013-04-08 02:50:47 -0400
Served asset /jquery_ujs.js - 304 Not Modified (0ms)


Started GET "/assets/surveys.js?body=1" for 127.0.0.1 at 2013-04-08 02:50:47 -0400
Served asset /surveys.js - 304 Not Modified (0ms)


Started GET "/assets/application.js?body=1" for 127.0.0.1 at 2013-04-08 02:50:47 -0400
Served asset /application.js - 304 Not Modified (1ms)


Started GET "/surveys/1/edit" for 127.0.0.1 at 2013-04-08 02:50:50 -0400
Processing by SurveysController#edit as HTML
  Parameters: {"id"=>"1"}
  [1m[35mSurvey Load (0.2ms)[0m  SELECT "surveys".* FROM "surveys" WHERE "surveys"."id" = ? LIMIT 1  [["id", "1"]]
  [1m[36mQuestion Load (0.1ms)[0m  [1mSELECT "questions".* FROM "questions" WHERE "questions"."survey_id" = 1[0m
  Rendered surveys/_form.html.erb (8.6ms)
  Rendered surveys/edit.html.erb within layouts/application (12.4ms)
Completed 200 OK in 65ms (Views: 60.5ms | ActiveRecord: 0.6ms)


Started GET "/assets/application.css?body=1" for 127.0.0.1 at 2013-04-08 02:50:50 -0400
Served asset /application.css - 304 Not Modified (9ms)


Started GET "/assets/surveys.css?body=1" for 127.0.0.1 at 2013-04-08 02:50:50 -0400
Served asset /surveys.css - 304 Not Modified (0ms)


Started GET "/assets/jquery_ujs.js?body=1" for 127.0.0.1 at 2013-04-08 02:50:51 -0400
Served asset /jquery_ujs.js - 304 Not Modified (0ms)


Started GET "/assets/jquery.js?body=1" for 127.0.0.1 at 2013-04-08 02:50:51 -0400
Served asset /jquery.js - 304 Not Modified (2ms)


Started GET "/assets/surveys.js?body=1" for 127.0.0.1 at 2013-04-08 02:50:51 -0400
Served asset /surveys.js - 304 Not Modified (0ms)


Started GET "/assets/application.js?body=1" for 127.0.0.1 at 2013-04-08 02:50:51 -0400
Served asset /application.js - 304 Not Modified (4ms)


Started GET "/surveys/1" for 127.0.0.1 at 2013-04-08 02:50:53 -0400
Processing by SurveysController#show as HTML
  Parameters: {"id"=>"1"}
  [1m[35mSurvey Load (0.1ms)[0m  SELECT "surveys".* FROM "surveys" WHERE "surveys"."id" = ? LIMIT 1  [["id", "1"]]
  Rendered surveys/show.html.erb within layouts/application (1.0ms)
Completed 200 OK in 20ms (Views: 18.3ms | ActiveRecord: 0.1ms)


Started GET "/assets/application.css?body=1" for 127.0.0.1 at 2013-04-08 02:50:53 -0400
Served asset /application.css - 304 Not Modified (15ms)


Started GET "/assets/surveys.css?body=1" for 127.0.0.1 at 2013-04-08 02:50:53 -0400
Served asset /surveys.css - 304 Not Modified (0ms)


Started GET "/assets/surveys.js?body=1" for 127.0.0.1 at 2013-04-08 02:50:53 -0400
Served asset /surveys.js - 304 Not Modified (0ms)


Started GET "/assets/jquery_ujs.js?body=1" for 127.0.0.1 at 2013-04-08 02:50:53 -0400
Served asset /jquery_ujs.js - 304 Not Modified (0ms)


Started GET "/assets/jquery.js?body=1" for 127.0.0.1 at 2013-04-08 02:50:53 -0400
Served asset /jquery.js - 304 Not Modified (1ms)


Started GET "/assets/application.js?body=1" for 127.0.0.1 at 2013-04-08 02:50:53 -0400
Served asset /application.js - 304 Not Modified (3ms)


Started GET "/surveys/1" for 127.0.0.1 at 2013-04-08 02:53:07 -0400
Processing by SurveysController#show as HTML
  Parameters: {"id"=>"1"}
  [1m[36mSurvey Load (0.3ms)[0m  [1mSELECT "surveys".* FROM "surveys" WHERE "surveys"."id" = ? LIMIT 1[0m  [["id", "1"]]
  Rendered surveys/show.html.erb within layouts/application (2.0ms)
Completed 500 Internal Server Error in 6ms

ActionView::Template::Error (undefined method `each' for nil:NilClass):
    1: <p id="notice"><%= notice %></p>
    2: <% @surveys.each do |survey|%>
    3:   <%= survey.name %>
    4:   <%end%>
    5: 
  app/views/surveys/show.html.erb:2:in `_app_views_surveys_show_html_erb___1506264462725851810_70000987942720'
  app/controllers/surveys_controller.rb:18:in `show'


  Rendered /home/whinub/.rvm/gems/ruby-1.9.3-p286/gems/actionpack-3.2.13/lib/action_dispatch/middleware/templates/rescues/_trace.erb (2.1ms)
  Rendered /home/whinub/.rvm/gems/ruby-1.9.3-p286/gems/actionpack-3.2.13/lib/action_dispatch/middleware/templates/rescues/_request_and_response.erb (2.2ms)
  Rendered /home/whinub/.rvm/gems/ruby-1.9.3-p286/gems/actionpack-3.2.13/lib/action_dispatch/middleware/templates/rescues/template_error.erb within rescues/layout (15.5ms)


Started GET "/surveys/1" for 127.0.0.1 at 2013-04-08 02:53:51 -0400
Processing by SurveysController#show as HTML
  Parameters: {"id"=>"1"}
  [1m[35mSurvey Load (0.1ms)[0m  SELECT "surveys".* FROM "surveys" WHERE "surveys"."id" = ? LIMIT 1  [["id", "1"]]
  Rendered surveys/show.html.erb within layouts/application (1.8ms)
Completed 200 OK in 25ms (Views: 22.5ms | ActiveRecord: 0.1ms)


Started GET "/assets/application.css?body=1" for 127.0.0.1 at 2013-04-08 02:53:51 -0400
Served asset /application.css - 304 Not Modified (1ms)


Started GET "/assets/jquery_ujs.js?body=1" for 127.0.0.1 at 2013-04-08 02:53:51 -0400
Served asset /jquery_ujs.js - 304 Not Modified (0ms)


Started GET "/assets/surveys.js?body=1" for 127.0.0.1 at 2013-04-08 02:53:51 -0400
Served asset /surveys.js - 304 Not Modified (0ms)


Started GET "/assets/surveys.css?body=1" for 127.0.0.1 at 2013-04-08 02:53:51 -0400
Served asset /surveys.css - 304 Not Modified (0ms)


Started GET "/assets/jquery.js?body=1" for 127.0.0.1 at 2013-04-08 02:53:51 -0400
Served asset /jquery.js - 304 Not Modified (1ms)


Started GET "/assets/application.js?body=1" for 127.0.0.1 at 2013-04-08 02:53:51 -0400
Served asset /application.js - 304 Not Modified (5ms)


Started GET "/surveys/1" for 127.0.0.1 at 2013-04-08 02:54:12 -0400
Processing by SurveysController#show as HTML
  Parameters: {"id"=>"1"}
  [1m[36mSurvey Load (0.1ms)[0m  [1mSELECT "surveys".* FROM "surveys" WHERE "surveys"."id" = ? LIMIT 1[0m  [["id", "1"]]
  Rendered surveys/show.html.erb within layouts/application (2.1ms)
Completed 200 OK in 26ms (Views: 23.7ms | ActiveRecord: 0.1ms)


Started GET "/assets/application.css?body=1" for 127.0.0.1 at 2013-04-08 02:54:12 -0400
Served asset /application.css - 304 Not Modified (1ms)


Started GET "/assets/surveys.css?body=1" for 127.0.0.1 at 2013-04-08 02:54:12 -0400
Served asset /surveys.css - 304 Not Modified (0ms)


Started GET "/assets/jquery.js?body=1" for 127.0.0.1 at 2013-04-08 02:54:12 -0400
Served asset /jquery.js - 304 Not Modified (3ms)


Started GET "/assets/jquery_ujs.js?body=1" for 127.0.0.1 at 2013-04-08 02:54:12 -0400
Served asset /jquery_ujs.js - 304 Not Modified (0ms)


Started GET "/assets/surveys.js?body=1" for 127.0.0.1 at 2013-04-08 02:54:12 -0400
Served asset /surveys.js - 304 Not Modified (0ms)


Started GET "/assets/application.js?body=1" for 127.0.0.1 at 2013-04-08 02:54:12 -0400
Served asset /application.js - 304 Not Modified (1ms)


Started GET "/surveys/1/edit" for 127.0.0.1 at 2013-04-08 02:54:16 -0400
Processing by SurveysController#edit as HTML
  Parameters: {"id"=>"1"}
  [1m[35mSurvey Load (0.1ms)[0m  SELECT "surveys".* FROM "surveys" WHERE "surveys"."id" = ? LIMIT 1  [["id", "1"]]
  [1m[36mQuestion Load (0.1ms)[0m  [1mSELECT "questions".* FROM "questions" WHERE "questions"."survey_id" = 1[0m
  Rendered surveys/_form.html.erb (3.5ms)
  Rendered surveys/edit.html.erb within layouts/application (5.0ms)
Completed 200 OK in 24ms (Views: 22.2ms | ActiveRecord: 0.2ms)


Started GET "/assets/application.css?body=1" for 127.0.0.1 at 2013-04-08 02:54:17 -0400
Served asset /application.css - 304 Not Modified (13ms)


Started GET "/assets/surveys.css?body=1" for 127.0.0.1 at 2013-04-08 02:54:17 -0400
Served asset /surveys.css - 304 Not Modified (0ms)


Started GET "/assets/jquery_ujs.js?body=1" for 127.0.0.1 at 2013-04-08 02:54:17 -0400
Served asset /jquery_ujs.js - 304 Not Modified (0ms)


Started GET "/assets/jquery.js?body=1" for 127.0.0.1 at 2013-04-08 02:54:17 -0400
Served asset /jquery.js - 304 Not Modified (2ms)


Started GET "/assets/surveys.js?body=1" for 127.0.0.1 at 2013-04-08 02:54:17 -0400
Served asset /surveys.js - 304 Not Modified (0ms)


Started GET "/assets/application.js?body=1" for 127.0.0.1 at 2013-04-08 02:54:17 -0400
Served asset /application.js - 304 Not Modified (3ms)


Started PUT "/surveys/1" for 127.0.0.1 at 2013-04-08 02:54:22 -0400
Processing by SurveysController#update as HTML
  Parameters: {"utf8"=>"âœ“", "authenticity_token"=>"0VqcHF3HhA4V5k5hQjzo1VkGVIZhmQnd42E2VpDXdm4=", "survey"=>{"name"=>"Starbucks Test2"}, "commit"=>"Update Survey", "id"=>"1"}
  [1m[35mSurvey Load (0.2ms)[0m  SELECT "surveys".* FROM "surveys" WHERE "surveys"."id" = ? LIMIT 1  [["id", "1"]]
  [1m[36m (0.1ms)[0m  [1mbegin transaction[0m
  [1m[35m (0.6ms)[0m  UPDATE "surveys" SET "name" = 'Starbucks Test2', "updated_at" = '2013-04-08 06:54:22.618200' WHERE "surveys"."id" = 1
  [1m[36m (131.2ms)[0m  [1mcommit transaction[0m
Redirected to http://localhost:3000/surveys/1
Completed 302 Found in 142ms (ActiveRecord: 132.1ms)


Started GET "/surveys/1" for 127.0.0.1 at 2013-04-08 02:54:22 -0400
Processing by SurveysController#show as HTML
  Parameters: {"id"=>"1"}
  [1m[35mSurvey Load (0.1ms)[0m  SELECT "surveys".* FROM "surveys" WHERE "surveys"."id" = ? LIMIT 1  [["id", "1"]]
  Rendered surveys/show.html.erb within layouts/application (0.8ms)
Completed 200 OK in 20ms (Views: 18.9ms | ActiveRecord: 0.1ms)


Started GET "/assets/application.css?body=1" for 127.0.0.1 at 2013-04-08 02:54:22 -0400
Served asset /application.css - 304 Not Modified (1ms)


Started GET "/assets/surveys.css?body=1" for 127.0.0.1 at 2013-04-08 02:54:22 -0400
Served asset /surveys.css - 304 Not Modified (37ms)


Started GET "/assets/jquery_ujs.js?body=1" for 127.0.0.1 at 2013-04-08 02:54:22 -0400
Served asset /jquery_ujs.js - 304 Not Modified (0ms)


Started GET "/assets/jquery.js?body=1" for 127.0.0.1 at 2013-04-08 02:54:22 -0400
Served asset /jquery.js - 304 Not Modified (1ms)


Started GET "/assets/surveys.js?body=1" for 127.0.0.1 at 2013-04-08 02:54:22 -0400
Served asset /surveys.js - 304 Not Modified (0ms)


Started GET "/assets/application.js?body=1" for 127.0.0.1 at 2013-04-08 02:54:22 -0400
Served asset /application.js - 304 Not Modified (2ms)


Started GET "/surveys" for 127.0.0.1 at 2013-04-08 02:54:25 -0400
Processing by SurveysController#index as HTML
  [1m[36mSurvey Load (0.1ms)[0m  [1mSELECT "surveys".* FROM "surveys" [0m
  Rendered surveys/index.html.erb within layouts/application (2.0ms)
Completed 200 OK in 21ms (Views: 19.9ms | ActiveRecord: 0.1ms)


Started GET "/assets/application.css?body=1" for 127.0.0.1 at 2013-04-08 02:54:25 -0400
Served asset /application.css - 304 Not Modified (5ms)


Started GET "/assets/surveys.css?body=1" for 127.0.0.1 at 2013-04-08 02:54:25 -0400
Served asset /surveys.css - 304 Not Modified (0ms)


Started GET "/assets/jquery.js?body=1" for 127.0.0.1 at 2013-04-08 02:54:25 -0400
Served asset /jquery.js - 304 Not Modified (3ms)


Started GET "/assets/surveys.js?body=1" for 127.0.0.1 at 2013-04-08 02:54:25 -0400
Served asset /surveys.js - 304 Not Modified (0ms)


Started GET "/assets/application.js?body=1" for 127.0.0.1 at 2013-04-08 02:54:25 -0400
Served asset /application.js - 304 Not Modified (1ms)


Started GET "/assets/jquery_ujs.js?body=1" for 127.0.0.1 at 2013-04-08 02:54:25 -0400
Served asset /jquery_ujs.js - 304 Not Modified (0ms)


Started GET "/surveys" for 127.0.0.1 at 2013-04-08 02:55:14 -0400
Processing by SurveysController#index as HTML
  [1m[35mSurvey Load (0.2ms)[0m  SELECT "surveys".* FROM "surveys" 
  Rendered surveys/index.html.erb within layouts/application (3.5ms)
Completed 200 OK in 30ms (Views: 28.8ms | ActiveRecord: 0.2ms)


Started GET "/assets/application.css?body=1" for 127.0.0.1 at 2013-04-08 02:55:14 -0400
Served asset /application.css - 304 Not Modified (29ms)


Started GET "/assets/surveys.css?body=1" for 127.0.0.1 at 2013-04-08 02:55:14 -0400
Served asset /surveys.css - 304 Not Modified (0ms)


Started GET "/assets/surveys.js?body=1" for 127.0.0.1 at 2013-04-08 02:55:14 -0400
Served asset /surveys.js - 304 Not Modified (0ms)


Started GET "/assets/jquery_ujs.js?body=1" for 127.0.0.1 at 2013-04-08 02:55:14 -0400
Served asset /jquery_ujs.js - 304 Not Modified (0ms)


Started GET "/assets/jquery.js?body=1" for 127.0.0.1 at 2013-04-08 02:55:14 -0400
Served asset /jquery.js - 304 Not Modified (2ms)


Started GET "/assets/application.js?body=1" for 127.0.0.1 at 2013-04-08 02:55:14 -0400
Served asset /application.js - 304 Not Modified (3ms)


Started GET "/surveys" for 127.0.0.1 at 2013-04-08 03:05:30 -0400
Processing by SurveysController#index as HTML
  [1m[36mSurvey Load (0.1ms)[0m  [1mSELECT "surveys".* FROM "surveys" [0m
  Rendered surveys/index.html.erb within layouts/application (3.1ms)
Completed 200 OK in 61ms (Views: 21.8ms | ActiveRecord: 0.5ms)


Started GET "/assets/application.css?body=1" for 127.0.0.1 at 2013-04-08 03:05:30 -0400
Served asset /application.css - 304 Not Modified (1ms)


Started GET "/assets/surveys.css?body=1" for 127.0.0.1 at 2013-04-08 03:05:30 -0400
Served asset /surveys.css - 304 Not Modified (0ms)


Started GET "/assets/jquery_ujs.js?body=1" for 127.0.0.1 at 2013-04-08 03:05:30 -0400
Served asset /jquery_ujs.js - 304 Not Modified (0ms)


Started GET "/assets/surveys.js?body=1" for 127.0.0.1 at 2013-04-08 03:05:30 -0400
Served asset /surveys.js - 304 Not Modified (0ms)


Started GET "/assets/jquery.js?body=1" for 127.0.0.1 at 2013-04-08 03:05:30 -0400
Served asset /jquery.js - 304 Not Modified (1ms)


Started GET "/assets/application.js?body=1" for 127.0.0.1 at 2013-04-08 03:05:30 -0400
Served asset /application.js - 304 Not Modified (5ms)


Started GET "/surveys" for 127.0.0.1 at 2013-04-08 03:05:32 -0400
Processing by SurveysController#index as HTML
  [1m[35mSurvey Load (0.1ms)[0m  SELECT "surveys".* FROM "surveys" 
  Rendered surveys/index.html.erb within layouts/application (1.7ms)
Completed 200 OK in 20ms (Views: 19.0ms | ActiveRecord: 0.1ms)


Started GET "/assets/surveys.css?body=1" for 127.0.0.1 at 2013-04-08 03:05:32 -0400
Served asset /surveys.css - 304 Not Modified (0ms)


Started GET "/assets/application.css?body=1" for 127.0.0.1 at 2013-04-08 03:05:32 -0400
Served asset /application.css - 304 Not Modified (1ms)


Started GET "/assets/jquery_ujs.js?body=1" for 127.0.0.1 at 2013-04-08 03:05:32 -0400
Served asset /jquery_ujs.js - 304 Not Modified (0ms)


Started GET "/assets/jquery.js?body=1" for 127.0.0.1 at 2013-04-08 03:05:32 -0400
Served asset /jquery.js - 304 Not Modified (2ms)


Started GET "/assets/surveys.js?body=1" for 127.0.0.1 at 2013-04-08 03:05:32 -0400
Served asset /surveys.js - 304 Not Modified (0ms)


Started GET "/assets/application.js?body=1" for 127.0.0.1 at 2013-04-08 03:05:32 -0400
Served asset /application.js - 304 Not Modified (3ms)


Started GET "/surveys/new" for 127.0.0.1 at 2013-04-08 03:05:38 -0400
Processing by SurveysController#new as HTML
  Rendered surveys/_form.html.erb (3.8ms)
  Rendered surveys/new.html.erb within layouts/application (4.8ms)
Completed 200 OK in 76ms (Views: 55.2ms | ActiveRecord: 0.3ms)


Started GET "/assets/surveys.css?body=1" for 127.0.0.1 at 2013-04-08 03:05:38 -0400
Served asset /surveys.css - 304 Not Modified (0ms)


Started GET "/assets/jquery.js?body=1" for 127.0.0.1 at 2013-04-08 03:05:38 -0400
Served asset /jquery.js - 304 Not Modified (1ms)


Started GET "/assets/jquery_ujs.js?body=1" for 127.0.0.1 at 2013-04-08 03:05:38 -0400
Served asset /jquery_ujs.js - 304 Not Modified (0ms)


Started GET "/assets/application.css?body=1" for 127.0.0.1 at 2013-04-08 03:05:38 -0400
Served asset /application.css - 304 Not Modified (1ms)


Started GET "/assets/surveys.js?body=1" for 127.0.0.1 at 2013-04-08 03:05:38 -0400
Served asset /surveys.js - 304 Not Modified (0ms)


Started GET "/assets/application.js?body=1" for 127.0.0.1 at 2013-04-08 03:05:38 -0400
Served asset /application.js - 304 Not Modified (3ms)


Started GET "/surveys/new" for 127.0.0.1 at 2013-04-08 03:08:57 -0400
Processing by SurveysController#new as HTML
  Rendered surveys/_form.html.erb (4.0ms)
  Rendered surveys/new.html.erb within layouts/application (5.1ms)
Completed 200 OK in 27ms (Views: 23.1ms | ActiveRecord: 0.0ms)


Started GET "/assets/application.css?body=1" for 127.0.0.1 at 2013-04-08 03:08:57 -0400
Served asset /application.css - 304 Not Modified (8ms)


Started GET "/assets/surveys.css?body=1" for 127.0.0.1 at 2013-04-08 03:08:57 -0400
Served asset /surveys.css - 304 Not Modified (0ms)


Started GET "/assets/jquery.js?body=1" for 127.0.0.1 at 2013-04-08 03:08:57 -0400
Served asset /jquery.js - 304 Not Modified (2ms)


Started GET "/assets/surveys.js?body=1" for 127.0.0.1 at 2013-04-08 03:08:57 -0400
Served asset /surveys.js - 304 Not Modified (0ms)


Started GET "/assets/jquery_ujs.js?body=1" for 127.0.0.1 at 2013-04-08 03:08:57 -0400
Served asset /jquery_ujs.js - 304 Not Modified (0ms)


Started GET "/assets/application.js?body=1" for 127.0.0.1 at 2013-04-08 03:08:57 -0400
Served asset /application.js - 304 Not Modified (1ms)


Started GET "/surveys" for 127.0.0.1 at 2013-04-08 03:08:58 -0400
Processing by SurveysController#index as HTML
  [1m[36mSurvey Load (0.3ms)[0m  [1mSELECT "surveys".* FROM "surveys" [0m
  Rendered surveys/index.html.erb within layouts/application (1.8ms)
Completed 200 OK in 25ms (Views: 21.8ms | ActiveRecord: 0.3ms)


Started GET "/assets/jquery_ujs.js?body=1" for 127.0.0.1 at 2013-04-08 03:08:58 -0400
Served asset /jquery_ujs.js - 304 Not Modified (0ms)


Started GET "/assets/surveys.css?body=1" for 127.0.0.1 at 2013-04-08 03:08:58 -0400
Served asset /surveys.css - 304 Not Modified (0ms)


Started GET "/assets/application.css?body=1" for 127.0.0.1 at 2013-04-08 03:08:58 -0400
Served asset /application.css - 304 Not Modified (1ms)


Started GET "/assets/jquery.js?body=1" for 127.0.0.1 at 2013-04-08 03:08:58 -0400
Served asset /jquery.js - 304 Not Modified (2ms)


Started GET "/assets/surveys.js?body=1" for 127.0.0.1 at 2013-04-08 03:08:58 -0400
Served asset /surveys.js - 304 Not Modified (0ms)


Started GET "/assets/application.js?body=1" for 127.0.0.1 at 2013-04-08 03:08:58 -0400
Served asset /application.js - 304 Not Modified (3ms)


Started GET "/surveys/1" for 127.0.0.1 at 2013-04-08 03:09:01 -0400
Processing by SurveysController#show as HTML
  Parameters: {"id"=>"1"}
  [1m[35mSurvey Load (0.4ms)[0m  SELECT "surveys".* FROM "surveys" WHERE "surveys"."id" = ? LIMIT 1  [["id", "1"]]
  [1m[36mQuestion Load (0.1ms)[0m  [1mSELECT "questions".* FROM "questions" WHERE "questions"."survey_id" = 1[0m
  Rendered surveys/show.html.erb within layouts/application (2.9ms)
Completed 200 OK in 57ms (Views: 52.0ms | ActiveRecord: 0.5ms)


Started GET "/assets/application.css?body=1" for 127.0.0.1 at 2013-04-08 03:09:01 -0400
Served asset /application.css - 304 Not Modified (1ms)


Started GET "/assets/jquery.js?body=1" for 127.0.0.1 at 2013-04-08 03:09:01 -0400
Served asset /jquery.js - 304 Not Modified (8ms)


Started GET "/assets/surveys.css?body=1" for 127.0.0.1 at 2013-04-08 03:09:01 -0400
Served asset /surveys.css - 304 Not Modified (0ms)


Started GET "/assets/jquery_ujs.js?body=1" for 127.0.0.1 at 2013-04-08 03:09:01 -0400
Served asset /jquery_ujs.js - 304 Not Modified (0ms)


Started GET "/assets/application.js?body=1" for 127.0.0.1 at 2013-04-08 03:09:01 -0400
Served asset /application.js - 304 Not Modified (3ms)


Started GET "/assets/surveys.js?body=1" for 127.0.0.1 at 2013-04-08 03:09:01 -0400
Served asset /surveys.js - 304 Not Modified (0ms)


Started GET "/surveys" for 127.0.0.1 at 2013-04-08 03:09:10 -0400
Processing by SurveysController#index as HTML
  [1m[35mSurvey Load (0.2ms)[0m  SELECT "surveys".* FROM "surveys" 
  Rendered surveys/index.html.erb within layouts/application (1.7ms)
Completed 200 OK in 22ms (Views: 19.5ms | ActiveRecord: 0.2ms)


Started GET "/assets/application.css?body=1" for 127.0.0.1 at 2013-04-08 03:09:11 -0400
Served asset /application.css - 304 Not Modified (19ms)


Started GET "/assets/surveys.css?body=1" for 127.0.0.1 at 2013-04-08 03:09:11 -0400
Served asset /surveys.css - 304 Not Modified (0ms)


Started GET "/assets/jquery_ujs.js?body=1" for 127.0.0.1 at 2013-04-08 03:09:11 -0400
Served asset /jquery_ujs.js - 304 Not Modified (0ms)


Started GET "/assets/jquery.js?body=1" for 127.0.0.1 at 2013-04-08 03:09:11 -0400
Served asset /jquery.js - 304 Not Modified (1ms)


Started GET "/assets/surveys.js?body=1" for 127.0.0.1 at 2013-04-08 03:09:11 -0400
Served asset /surveys.js - 304 Not Modified (0ms)


Started GET "/assets/application.js?body=1" for 127.0.0.1 at 2013-04-08 03:09:11 -0400
Served asset /application.js - 304 Not Modified (3ms)


Started GET "/surveys/new" for 127.0.0.1 at 2013-04-08 03:09:12 -0400
Processing by SurveysController#new as HTML
  Rendered surveys/_form.html.erb (3.5ms)
  Rendered surveys/new.html.erb within layouts/application (4.4ms)
Completed 200 OK in 27ms (Views: 22.6ms | ActiveRecord: 0.0ms)


Started GET "/assets/jquery.js?body=1" for 127.0.0.1 at 2013-04-08 03:09:12 -0400
Served asset /jquery.js - 304 Not Modified (2ms)


Started GET "/assets/surveys.css?body=1" for 127.0.0.1 at 2013-04-08 03:09:12 -0400
Served asset /surveys.css - 304 Not Modified (0ms)


Started GET "/assets/jquery_ujs.js?body=1" for 127.0.0.1 at 2013-04-08 03:09:12 -0400
Served asset /jquery_ujs.js - 304 Not Modified (0ms)


Started GET "/assets/application.js?body=1" for 127.0.0.1 at 2013-04-08 03:09:12 -0400
Served asset /application.js - 304 Not Modified (3ms)


Started GET "/assets/application.css?body=1" for 127.0.0.1 at 2013-04-08 03:09:12 -0400
Served asset /application.css - 304 Not Modified (1ms)


Started GET "/assets/surveys.js?body=1" for 127.0.0.1 at 2013-04-08 03:09:12 -0400
Served asset /surveys.js - 304 Not Modified (0ms)


Started POST "/surveys" for 127.0.0.1 at 2013-04-08 03:09:16 -0400
Processing by SurveysController#create as HTML
  Parameters: {"utf8"=>"âœ“", "authenticity_token"=>"0VqcHF3HhA4V5k5hQjzo1VkGVIZhmQnd42E2VpDXdm4=", "survey"=>{"name"=>"Test2"}, "commit"=>"Create Survey"}
  [1m[36m (0.1ms)[0m  [1mbegin transaction[0m
  [1m[35mSQL (0.8ms)[0m  INSERT INTO "surveys" ("created_at", "name", "updated_at") VALUES (?, ?, ?)  [["created_at", Mon, 08 Apr 2013 07:09:16 UTC +00:00], ["name", "Test2"], ["updated_at", Mon, 08 Apr 2013 07:09:16 UTC +00:00]]
  [1m[36m (150.8ms)[0m  [1mcommit transaction[0m
Redirected to http://localhost:3000/surveys/2
Completed 302 Found in 159ms (ActiveRecord: 151.6ms)


Started GET "/surveys/2" for 127.0.0.1 at 2013-04-08 03:09:16 -0400
Processing by SurveysController#show as HTML
  Parameters: {"id"=>"2"}
  [1m[35mSurvey Load (0.3ms)[0m  SELECT "surveys".* FROM "surveys" WHERE "surveys"."id" = ? LIMIT 1  [["id", "2"]]
  [1m[36mQuestion Load (0.1ms)[0m  [1mSELECT "questions".* FROM "questions" WHERE "questions"."survey_id" = 2[0m
  Rendered surveys/show.html.erb within layouts/application (2.4ms)
Completed 200 OK in 55ms (Views: 51.5ms | ActiveRecord: 0.4ms)


Started GET "/assets/application.css?body=1" for 127.0.0.1 at 2013-04-08 03:09:16 -0400
Served asset /application.css - 304 Not Modified (1ms)


Started GET "/assets/jquery_ujs.js?body=1" for 127.0.0.1 at 2013-04-08 03:09:16 -0400
Served asset /jquery_ujs.js - 304 Not Modified (0ms)


Started GET "/assets/jquery.js?body=1" for 127.0.0.1 at 2013-04-08 03:09:16 -0400
Served asset /jquery.js - 304 Not Modified (2ms)


Started GET "/assets/surveys.css?body=1" for 127.0.0.1 at 2013-04-08 03:09:16 -0400
Served asset /surveys.css - 304 Not Modified (0ms)


Started GET "/assets/surveys.js?body=1" for 127.0.0.1 at 2013-04-08 03:09:16 -0400
Served asset /surveys.js - 304 Not Modified (0ms)


Started GET "/assets/application.js?body=1" for 127.0.0.1 at 2013-04-08 03:09:16 -0400
Served asset /application.js - 304 Not Modified (3ms)


Started GET "/surveys/2/edit" for 127.0.0.1 at 2013-04-08 03:09:18 -0400
Processing by SurveysController#edit as HTML
  Parameters: {"id"=>"2"}
  [1m[35mSurvey Load (0.2ms)[0m  SELECT "surveys".* FROM "surveys" WHERE "surveys"."id" = ? LIMIT 1  [["id", "2"]]
  [1m[36mQuestion Load (0.2ms)[0m  [1mSELECT "questions".* FROM "questions" WHERE "questions"."survey_id" = 2[0m
  Rendered surveys/_form.html.erb (4.3ms)
  Rendered surveys/edit.html.erb within layouts/application (6.5ms)
Completed 200 OK in 31ms (Views: 26.5ms | ActiveRecord: 0.4ms)


Started GET "/assets/application.css?body=1" for 127.0.0.1 at 2013-04-08 03:09:19 -0400
Served asset /application.css - 304 Not Modified (0ms)


Started GET "/assets/jquery.js?body=1" for 127.0.0.1 at 2013-04-08 03:09:19 -0400
Served asset /jquery.js - 304 Not Modified (2ms)


Started GET "/assets/surveys.css?body=1" for 127.0.0.1 at 2013-04-08 03:09:19 -0400
Served asset /surveys.css - 304 Not Modified (0ms)


Started GET "/assets/surveys.js?body=1" for 127.0.0.1 at 2013-04-08 03:09:19 -0400
Served asset /surveys.js - 304 Not Modified (0ms)


Started GET "/assets/jquery_ujs.js?body=1" for 127.0.0.1 at 2013-04-08 03:09:19 -0400
Served asset /jquery_ujs.js - 304 Not Modified (0ms)


Started GET "/assets/application.js?body=1" for 127.0.0.1 at 2013-04-08 03:09:19 -0400
Served asset /application.js - 304 Not Modified (3ms)


Started GET "/surveys" for 127.0.0.1 at 2013-04-08 03:09:20 -0400
Processing by SurveysController#index as HTML
  [1m[35mSurvey Load (0.1ms)[0m  SELECT "surveys".* FROM "surveys" 
  Rendered surveys/index.html.erb within layouts/application (2.5ms)
Completed 200 OK in 21ms (Views: 19.7ms | ActiveRecord: 0.1ms)


Started GET "/assets/application.css?body=1" for 127.0.0.1 at 2013-04-08 03:09:20 -0400
Served asset /application.css - 304 Not Modified (8ms)


Started GET "/assets/surveys.css?body=1" for 127.0.0.1 at 2013-04-08 03:09:21 -0400
Served asset /surveys.css - 304 Not Modified (0ms)


Started GET "/assets/jquery.js?body=1" for 127.0.0.1 at 2013-04-08 03:09:21 -0400
Served asset /jquery.js - 304 Not Modified (2ms)


Started GET "/assets/application.js?body=1" for 127.0.0.1 at 2013-04-08 03:09:21 -0400
Served asset /application.js - 304 Not Modified (3ms)


Started GET "/assets/jquery_ujs.js?body=1" for 127.0.0.1 at 2013-04-08 03:09:21 -0400
Served asset /jquery_ujs.js - 304 Not Modified (0ms)


Started GET "/assets/surveys.js?body=1" for 127.0.0.1 at 2013-04-08 03:09:21 -0400
Served asset /surveys.js - 304 Not Modified (0ms)


Started GET "/surveys" for 127.0.0.1 at 2013-04-08 03:09:53 -0400
Processing by SurveysController#index as HTML
  [1m[36mSurvey Load (0.4ms)[0m  [1mSELECT "surveys".* FROM "surveys" [0m
  Rendered surveys/index.html.erb within layouts/application (3.6ms)
Completed 200 OK in 57ms (Views: 55.3ms | ActiveRecord: 0.4ms)


Started GET "/assets/application.css?body=1" for 127.0.0.1 at 2013-04-08 03:09:53 -0400
Served asset /application.css - 304 Not Modified (23ms)


Started GET "/assets/jquery.js?body=1" for 127.0.0.1 at 2013-04-08 03:09:54 -0400
Served asset /jquery.js - 304 Not Modified (1ms)


Started GET "/assets/surveys.css?body=1" for 127.0.0.1 at 2013-04-08 03:09:54 -0400
Served asset /surveys.css - 304 Not Modified (0ms)


Started GET "/assets/jquery_ujs.js?body=1" for 127.0.0.1 at 2013-04-08 03:09:54 -0400
Served asset /jquery_ujs.js - 304 Not Modified (0ms)


Started GET "/assets/application.js?body=1" for 127.0.0.1 at 2013-04-08 03:09:54 -0400
Served asset /application.js - 304 Not Modified (4ms)


Started GET "/assets/surveys.js?body=1" for 127.0.0.1 at 2013-04-08 03:09:54 -0400
Served asset /surveys.js - 304 Not Modified (0ms)


Started GET "/surveys" for 127.0.0.1 at 2013-04-08 03:09:55 -0400
Processing by SurveysController#index as HTML
  [1m[35mSurvey Load (0.3ms)[0m  SELECT "surveys".* FROM "surveys" 
  Rendered surveys/index.html.erb within layouts/application (2.7ms)
Completed 200 OK in 23ms (Views: 21.0ms | ActiveRecord: 0.3ms)


Started GET "/assets/application.css?body=1" for 127.0.0.1 at 2013-04-08 03:09:55 -0400
Served asset /application.css - 304 Not Modified (1ms)


Started GET "/assets/surveys.js?body=1" for 127.0.0.1 at 2013-04-08 03:09:55 -0400
Served asset /surveys.js - 304 Not Modified (0ms)


Started GET "/assets/surveys.css?body=1" for 127.0.0.1 at 2013-04-08 03:09:55 -0400
Served asset /surveys.css - 304 Not Modified (0ms)


Started GET "/assets/jquery.js?body=1" for 127.0.0.1 at 2013-04-08 03:09:55 -0400
Served asset /jquery.js - 304 Not Modified (1ms)


Started GET "/assets/jquery_ujs.js?body=1" for 127.0.0.1 at 2013-04-08 03:09:55 -0400
Served asset /jquery_ujs.js - 304 Not Modified (0ms)


Started GET "/assets/application.js?body=1" for 127.0.0.1 at 2013-04-08 03:09:55 -0400
Served asset /application.js - 304 Not Modified (2ms)


Started GET "/surveys" for 127.0.0.1 at 2013-04-08 03:09:56 -0400
Processing by SurveysController#index as HTML
  [1m[36mSurvey Load (0.3ms)[0m  [1mSELECT "surveys".* FROM "surveys" [0m
  Rendered surveys/index.html.erb within layouts/application (5.0ms)
Completed 200 OK in 27ms (Views: 24.3ms | ActiveRecord: 0.3ms)


Started GET "/assets/application.css?body=1" for 127.0.0.1 at 2013-04-08 03:09:56 -0400
Served asset /application.css - 304 Not Modified (36ms)


Started GET "/assets/jquery.js?body=1" for 127.0.0.1 at 2013-04-08 03:09:56 -0400
Served asset /jquery.js - 304 Not Modified (1ms)


Started GET "/assets/surveys.js?body=1" for 127.0.0.1 at 2013-04-08 03:09:56 -0400
Served asset /surveys.js - 304 Not Modified (0ms)


Started GET "/assets/application.js?body=1" for 127.0.0.1 at 2013-04-08 03:09:56 -0400
Served asset /application.js - 304 Not Modified (3ms)


Started GET "/assets/jquery_ujs.js?body=1" for 127.0.0.1 at 2013-04-08 03:09:56 -0400
Served asset /jquery_ujs.js - 304 Not Modified (0ms)


Started GET "/assets/surveys.css?body=1" for 127.0.0.1 at 2013-04-08 03:09:56 -0400
Served asset /surveys.css - 304 Not Modified (0ms)


Started GET "/surveys" for 127.0.0.1 at 2013-04-08 03:16:34 -0400
Processing by SurveysController#index as HTML
  [1m[35mSurvey Load (0.3ms)[0m  SELECT "surveys".* FROM "surveys" 
  Rendered surveys/index.html.erb within layouts/application (7.0ms)
Completed 200 OK in 60ms (Views: 57.3ms | ActiveRecord: 0.3ms)


Started GET "/assets/application.css?body=1" for 127.0.0.1 at 2013-04-08 03:16:34 -0400
Served asset /application.css - 304 Not Modified (23ms)


Started GET "/assets/jquery_ujs.js?body=1" for 127.0.0.1 at 2013-04-08 03:16:34 -0400
Served asset /jquery_ujs.js - 304 Not Modified (0ms)


Started GET "/assets/surveys.css?body=1" for 127.0.0.1 at 2013-04-08 03:16:34 -0400
Served asset /surveys.css - 304 Not Modified (0ms)


Started GET "/assets/jquery.js?body=1" for 127.0.0.1 at 2013-04-08 03:16:34 -0400
Served asset /jquery.js - 304 Not Modified (2ms)


Started GET "/assets/surveys.js?body=1" for 127.0.0.1 at 2013-04-08 03:16:34 -0400
Served asset /surveys.js - 304 Not Modified (0ms)


Started GET "/assets/application.js?body=1" for 127.0.0.1 at 2013-04-08 03:16:34 -0400
Served asset /application.js - 304 Not Modified (3ms)


Started GET "/surveys" for 127.0.0.1 at 2013-04-08 03:16:35 -0400
Processing by SurveysController#index as HTML
  [1m[36mSurvey Load (0.3ms)[0m  [1mSELECT "surveys".* FROM "surveys" [0m
  Rendered surveys/index.html.erb within layouts/application (3.0ms)
Completed 200 OK in 25ms (Views: 22.1ms | ActiveRecord: 0.3ms)


Started GET "/assets/application.css?body=1" for 127.0.0.1 at 2013-04-08 03:16:36 -0400
Served asset /application.css - 304 Not Modified (9ms)


Started GET "/assets/surveys.css?body=1" for 127.0.0.1 at 2013-04-08 03:16:36 -0400
Served asset /surveys.css - 304 Not Modified (0ms)


Started GET "/assets/jquery.js?body=1" for 127.0.0.1 at 2013-04-08 03:16:36 -0400
Served asset /jquery.js - 304 Not Modified (2ms)


Started GET "/assets/jquery_ujs.js?body=1" for 127.0.0.1 at 2013-04-08 03:16:36 -0400
Served asset /jquery_ujs.js - 304 Not Modified (0ms)


Started GET "/assets/surveys.js?body=1" for 127.0.0.1 at 2013-04-08 03:16:36 -0400
Served asset /surveys.js - 304 Not Modified (0ms)


Started GET "/assets/application.js?body=1" for 127.0.0.1 at 2013-04-08 03:16:36 -0400
Served asset /application.js - 304 Not Modified (1ms)


Started GET "/surveys/new" for 127.0.0.1 at 2013-04-08 03:16:38 -0400
Processing by SurveysController#new as HTML
  Rendered surveys/_form.html.erb (5.6ms)
  Rendered surveys/new.html.erb within layouts/application (6.7ms)
Completed 200 OK in 28ms (Views: 25.2ms | ActiveRecord: 0.0ms)


Started GET "/assets/application.css?body=1" for 127.0.0.1 at 2013-04-08 03:16:38 -0400
Served asset /application.css - 304 Not Modified (7ms)


Started GET "/assets/jquery.js?body=1" for 127.0.0.1 at 2013-04-08 03:16:38 -0400
Served asset /jquery.js - 304 Not Modified (2ms)


Started GET "/assets/jquery_ujs.js?body=1" for 127.0.0.1 at 2013-04-08 03:16:38 -0400
Served asset /jquery_ujs.js - 304 Not Modified (0ms)


Started GET "/assets/surveys.css?body=1" for 127.0.0.1 at 2013-04-08 03:16:38 -0400
Served asset /surveys.css - 304 Not Modified (0ms)


Started GET "/assets/surveys.js?body=1" for 127.0.0.1 at 2013-04-08 03:16:38 -0400
Served asset /surveys.js - 304 Not Modified (0ms)


Started GET "/assets/application.js?body=1" for 127.0.0.1 at 2013-04-08 03:16:38 -0400
Served asset /application.js - 304 Not Modified (2ms)


Started POST "/surveys" for 127.0.0.1 at 2013-04-08 03:17:47 -0400
Processing by SurveysController#create as HTML
  Parameters: {"utf8"=>"âœ“", "authenticity_token"=>"0VqcHF3HhA4V5k5hQjzo1VkGVIZhmQnd42E2VpDXdm4=", "survey"=>{"name"=>"Starbucks 2", "questions_attributes"=>{"0"=>{"content"=>"Is the facility clean?"}, "1"=>{"content"=>"Was the staff helpful?"}, "2"=>{"content"=>"Do you love me?"}}}, "commit"=>"Create Survey"}
  [1m[35m (0.1ms)[0m  begin transaction
  [1m[36mSQL (0.8ms)[0m  [1mINSERT INTO "surveys" ("created_at", "name", "updated_at") VALUES (?, ?, ?)[0m  [["created_at", Mon, 08 Apr 2013 07:17:47 UTC +00:00], ["name", "Starbucks 2"], ["updated_at", Mon, 08 Apr 2013 07:17:47 UTC +00:00]]
  [1m[35mSQL (0.4ms)[0m  INSERT INTO "questions" ("content", "created_at", "survey_id", "updated_at") VALUES (?, ?, ?, ?)  [["content", "Is the facility clean?"], ["created_at", Mon, 08 Apr 2013 07:17:47 UTC +00:00], ["survey_id", 3], ["updated_at", Mon, 08 Apr 2013 07:17:47 UTC +00:00]]
  [1m[36mSQL (0.2ms)[0m  [1mINSERT INTO "questions" ("content", "created_at", "survey_id", "updated_at") VALUES (?, ?, ?, ?)[0m  [["content", "Was the staff helpful?"], ["created_at", Mon, 08 Apr 2013 07:17:47 UTC +00:00], ["survey_id", 3], ["updated_at", Mon, 08 Apr 2013 07:17:47 UTC +00:00]]
  [1m[35mSQL (0.2ms)[0m  INSERT INTO "questions" ("content", "created_at", "survey_id", "updated_at") VALUES (?, ?, ?, ?)  [["content", "Do you love me?"], ["created_at", Mon, 08 Apr 2013 07:17:47 UTC +00:00], ["survey_id", 3], ["updated_at", Mon, 08 Apr 2013 07:17:47 UTC +00:00]]
  [1m[36m (156.4ms)[0m  [1mcommit transaction[0m
Redirected to http://localhost:3000/surveys/3
Completed 302 Found in 173ms (ActiveRecord: 158.1ms)


Started GET "/surveys/3" for 127.0.0.1 at 2013-04-08 03:17:47 -0400
Processing by SurveysController#show as HTML
  Parameters: {"id"=>"3"}
  [1m[35mSurvey Load (0.1ms)[0m  SELECT "surveys".* FROM "surveys" WHERE "surveys"."id" = ? LIMIT 1  [["id", "3"]]
  [1m[36mQuestion Load (0.2ms)[0m  [1mSELECT "questions".* FROM "questions" WHERE "questions"."survey_id" = 3[0m
  Rendered surveys/show.html.erb within layouts/application (3.0ms)
Completed 200 OK in 54ms (Views: 52.4ms | ActiveRecord: 0.3ms)


Started GET "/assets/application.css?body=1" for 127.0.0.1 at 2013-04-08 03:17:48 -0400
Served asset /application.css - 304 Not Modified (1ms)


Started GET "/assets/jquery.js?body=1" for 127.0.0.1 at 2013-04-08 03:17:48 -0400
Served asset /jquery.js - 304 Not Modified (2ms)


Started GET "/assets/surveys.js?body=1" for 127.0.0.1 at 2013-04-08 03:17:48 -0400
Served asset /surveys.js - 304 Not Modified (0ms)


Started GET "/assets/surveys.css?body=1" for 127.0.0.1 at 2013-04-08 03:17:48 -0400
Served asset /surveys.css - 304 Not Modified (0ms)


Started GET "/assets/jquery_ujs.js?body=1" for 127.0.0.1 at 2013-04-08 03:17:48 -0400
Served asset /jquery_ujs.js - 304 Not Modified (0ms)


Started GET "/assets/application.js?body=1" for 127.0.0.1 at 2013-04-08 03:17:48 -0400
Served asset /application.js - 304 Not Modified (1ms)


Started GET "/surveys" for 127.0.0.1 at 2013-04-08 03:18:04 -0400
Processing by SurveysController#index as HTML
  [1m[35mSurvey Load (0.2ms)[0m  SELECT "surveys".* FROM "surveys" 
  Rendered surveys/index.html.erb within layouts/application (4.4ms)
Completed 200 OK in 26ms (Views: 24.0ms | ActiveRecord: 0.2ms)


Started GET "/assets/application.css?body=1" for 127.0.0.1 at 2013-04-08 03:18:04 -0400
Served asset /application.css - 304 Not Modified (8ms)


Started GET "/assets/surveys.css?body=1" for 127.0.0.1 at 2013-04-08 03:18:04 -0400
Served asset /surveys.css - 304 Not Modified (0ms)


Started GET "/assets/jquery_ujs.js?body=1" for 127.0.0.1 at 2013-04-08 03:18:04 -0400
Served asset /jquery_ujs.js - 304 Not Modified (0ms)


Started GET "/assets/surveys.js?body=1" for 127.0.0.1 at 2013-04-08 03:18:04 -0400
Served asset /surveys.js - 304 Not Modified (0ms)


Started GET "/assets/application.js?body=1" for 127.0.0.1 at 2013-04-08 03:18:04 -0400
Served asset /application.js - 304 Not Modified (3ms)


Started GET "/assets/jquery.js?body=1" for 127.0.0.1 at 2013-04-08 03:18:04 -0400
Served asset /jquery.js - 304 Not Modified (2ms)


Started GET "/surveys" for 127.0.0.1 at 2013-04-08 03:18:55 -0400
Processing by SurveysController#index as HTML
  [1m[36mSurvey Load (0.3ms)[0m  [1mSELECT "surveys".* FROM "surveys" [0m
  Rendered surveys/index.html.erb within layouts/application (5.3ms)
Completed 200 OK in 28ms (Views: 25.3ms | ActiveRecord: 0.3ms)


Started GET "/assets/application.css?body=1" for 127.0.0.1 at 2013-04-08 03:18:56 -0400
Served asset /application.css - 304 Not Modified (22ms)


Started GET "/assets/surveys.css?body=1" for 127.0.0.1 at 2013-04-08 03:18:56 -0400
Served asset /surveys.css - 304 Not Modified (0ms)


Started GET "/assets/jquery_ujs.js?body=1" for 127.0.0.1 at 2013-04-08 03:18:56 -0400
Served asset /jquery_ujs.js - 304 Not Modified (0ms)


Started GET "/assets/application.js?body=1" for 127.0.0.1 at 2013-04-08 03:18:56 -0400
Served asset /application.js - 304 Not Modified (3ms)


Started GET "/assets/jquery.js?body=1" for 127.0.0.1 at 2013-04-08 03:18:56 -0400
Served asset /jquery.js - 304 Not Modified (2ms)


Started GET "/assets/surveys.js?body=1" for 127.0.0.1 at 2013-04-08 03:18:56 -0400
Served asset /surveys.js - 304 Not Modified (0ms)
